{"/Users/mikeumus/Documents/cloud-kill-switch/packages/api/src/app.ts": {"path":"/Users/mikeumus/Documents/cloud-kill-switch/packages/api/src/app.ts","all":false,"statementMap":{"0":{"start":{"line":1,"column":0},"end":{"line":1,"column":3}},"23":{"start":{"line":24,"column":0},"end":{"line":24,"column":29}},"24":{"start":{"line":25,"column":0},"end":{"line":25,"column":24}},"27":{"start":{"line":28,"column":0},"end":{"line":28,"column":94}},"28":{"start":{"line":29,"column":0},"end":{"line":29,"column":16}},"29":{"start":{"line":30,"column":0},"end":{"line":30,"column":74}},"30":{"start":{"line":31,"column":0},"end":{"line":31,"column":22}},"31":{"start":{"line":32,"column":0},"end":{"line":32,"column":6}},"34":{"start":{"line":35,"column":0},"end":{"line":35,"column":32}},"35":{"start":{"line":36,"column":0},"end":{"line":36,"column":55}},"36":{"start":{"line":37,"column":0},"end":{"line":37,"column":45}},"37":{"start":{"line":38,"column":0},"end":{"line":38,"column":55}},"38":{"start":{"line":39,"column":0},"end":{"line":39,"column":52}},"39":{"start":{"line":40,"column":0},"end":{"line":40,"column":48}},"40":{"start":{"line":41,"column":0},"end":{"line":41,"column":88}},"41":{"start":{"line":42,"column":0},"end":{"line":42,"column":5}},"42":{"start":{"line":43,"column":0},"end":{"line":43,"column":11}},"43":{"start":{"line":44,"column":0},"end":{"line":44,"column":5}},"45":{"start":{"line":46,"column":0},"end":{"line":46,"column":42}},"48":{"start":{"line":49,"column":0},"end":{"line":49,"column":40}},"50":{"start":{"line":51,"column":0},"end":{"line":51,"column":108}},"52":{"start":{"line":53,"column":0},"end":{"line":53,"column":76}},"53":{"start":{"line":54,"column":0},"end":{"line":54,"column":80}},"54":{"start":{"line":55,"column":0},"end":{"line":55,"column":82}},"55":{"start":{"line":56,"column":0},"end":{"line":56,"column":77}},"56":{"start":{"line":57,"column":0},"end":{"line":57,"column":3}},"59":{"start":{"line":60,"column":0},"end":{"line":60,"column":40}},"60":{"start":{"line":61,"column":0},"end":{"line":61,"column":62}},"61":{"start":{"line":62,"column":0},"end":{"line":62,"column":3}},"64":{"start":{"line":65,"column":0},"end":{"line":65,"column":31}},"65":{"start":{"line":66,"column":0},"end":{"line":66,"column":14}},"66":{"start":{"line":67,"column":0},"end":{"line":67,"column":29}},"67":{"start":{"line":68,"column":0},"end":{"line":68,"column":24}},"68":{"start":{"line":69,"column":0},"end":{"line":69,"column":23}},"69":{"start":{"line":70,"column":0},"end":{"line":70,"column":74}},"70":{"start":{"line":71,"column":0},"end":{"line":71,"column":7}},"71":{"start":{"line":72,"column":0},"end":{"line":72,"column":5}},"74":{"start":{"line":75,"column":0},"end":{"line":75,"column":40}},"75":{"start":{"line":76,"column":0},"end":{"line":76,"column":131}},"76":{"start":{"line":77,"column":0},"end":{"line":77,"column":5}},"78":{"start":{"line":79,"column":0},"end":{"line":79,"column":86}},"79":{"start":{"line":80,"column":0},"end":{"line":80,"column":9}},"80":{"start":{"line":81,"column":0},"end":{"line":81,"column":65}},"81":{"start":{"line":82,"column":0},"end":{"line":82,"column":106}},"82":{"start":{"line":83,"column":0},"end":{"line":83,"column":65}},"83":{"start":{"line":84,"column":0},"end":{"line":84,"column":23}},"84":{"start":{"line":85,"column":0},"end":{"line":85,"column":28}},"85":{"start":{"line":86,"column":0},"end":{"line":86,"column":5}},"88":{"start":{"line":89,"column":0},"end":{"line":89,"column":44}},"89":{"start":{"line":90,"column":0},"end":{"line":90,"column":14}},"90":{"start":{"line":91,"column":0},"end":{"line":91,"column":16}},"91":{"start":{"line":92,"column":0},"end":{"line":92,"column":133}},"92":{"start":{"line":93,"column":0},"end":{"line":93,"column":141}},"93":{"start":{"line":94,"column":0},"end":{"line":94,"column":144}},"94":{"start":{"line":95,"column":0},"end":{"line":95,"column":143}},"95":{"start":{"line":96,"column":0},"end":{"line":96,"column":143}},"96":{"start":{"line":97,"column":0},"end":{"line":97,"column":153}},"97":{"start":{"line":98,"column":0},"end":{"line":98,"column":146}},"98":{"start":{"line":99,"column":0},"end":{"line":99,"column":144}},"99":{"start":{"line":100,"column":0},"end":{"line":100,"column":8}},"100":{"start":{"line":101,"column":0},"end":{"line":101,"column":7}},"101":{"start":{"line":102,"column":0},"end":{"line":102,"column":5}},"104":{"start":{"line":105,"column":0},"end":{"line":105,"column":44}},"105":{"start":{"line":106,"column":0},"end":{"line":106,"column":14}},"106":{"start":{"line":107,"column":0},"end":{"line":107,"column":14}},"107":{"start":{"line":108,"column":0},"end":{"line":108,"column":133}},"108":{"start":{"line":109,"column":0},"end":{"line":109,"column":153}},"109":{"start":{"line":110,"column":0},"end":{"line":110,"column":142}},"110":{"start":{"line":111,"column":0},"end":{"line":111,"column":127}},"111":{"start":{"line":112,"column":0},"end":{"line":112,"column":8}},"112":{"start":{"line":113,"column":0},"end":{"line":113,"column":7}},"113":{"start":{"line":114,"column":0},"end":{"line":114,"column":5}},"116":{"start":{"line":117,"column":0},"end":{"line":117,"column":58}},"117":{"start":{"line":118,"column":0},"end":{"line":118,"column":43}},"118":{"start":{"line":119,"column":0},"end":{"line":119,"column":35}},"119":{"start":{"line":120,"column":0},"end":{"line":120,"column":34}},"120":{"start":{"line":121,"column":0},"end":{"line":121,"column":37}},"121":{"start":{"line":122,"column":0},"end":{"line":122,"column":36}},"124":{"start":{"line":125,"column":0},"end":{"line":125,"column":49}},"125":{"start":{"line":126,"column":0},"end":{"line":126,"column":34}},"126":{"start":{"line":127,"column":0},"end":{"line":127,"column":33}},"127":{"start":{"line":128,"column":0},"end":{"line":128,"column":39}},"128":{"start":{"line":129,"column":0},"end":{"line":129,"column":37}},"131":{"start":{"line":132,"column":0},"end":{"line":132,"column":85}},"132":{"start":{"line":133,"column":0},"end":{"line":133,"column":9}},"133":{"start":{"line":134,"column":0},"end":{"line":134,"column":63}},"134":{"start":{"line":135,"column":0},"end":{"line":135,"column":61}},"135":{"start":{"line":136,"column":0},"end":{"line":136,"column":84}},"136":{"start":{"line":137,"column":0},"end":{"line":137,"column":28}},"137":{"start":{"line":138,"column":0},"end":{"line":138,"column":5}},"140":{"start":{"line":141,"column":0},"end":{"line":141,"column":69}},"141":{"start":{"line":142,"column":0},"end":{"line":142,"column":9}},"142":{"start":{"line":143,"column":0},"end":{"line":143,"column":67}},"143":{"start":{"line":144,"column":0},"end":{"line":144,"column":32}},"144":{"start":{"line":145,"column":0},"end":{"line":145,"column":72}},"145":{"start":{"line":146,"column":0},"end":{"line":146,"column":75}},"146":{"start":{"line":147,"column":0},"end":{"line":147,"column":116}},"147":{"start":{"line":148,"column":0},"end":{"line":148,"column":180}},"148":{"start":{"line":149,"column":0},"end":{"line":149,"column":88}},"149":{"start":{"line":150,"column":0},"end":{"line":150,"column":28}},"150":{"start":{"line":151,"column":0},"end":{"line":151,"column":5}},"152":{"start":{"line":153,"column":0},"end":{"line":153,"column":95}},"153":{"start":{"line":154,"column":0},"end":{"line":154,"column":9}},"154":{"start":{"line":155,"column":0},"end":{"line":155,"column":88}},"155":{"start":{"line":156,"column":0},"end":{"line":156,"column":80}},"157":{"start":{"line":158,"column":0},"end":{"line":158,"column":63}},"158":{"start":{"line":159,"column":0},"end":{"line":159,"column":21}},"159":{"start":{"line":160,"column":0},"end":{"line":160,"column":28}},"160":{"start":{"line":161,"column":0},"end":{"line":161,"column":5}},"163":{"start":{"line":164,"column":0},"end":{"line":164,"column":102}},"164":{"start":{"line":165,"column":0},"end":{"line":165,"column":9}},"165":{"start":{"line":166,"column":0},"end":{"line":166,"column":60}},"166":{"start":{"line":167,"column":0},"end":{"line":167,"column":79}},"167":{"start":{"line":168,"column":0},"end":{"line":168,"column":25}},"168":{"start":{"line":169,"column":0},"end":{"line":169,"column":28}},"169":{"start":{"line":170,"column":0},"end":{"line":170,"column":5}},"172":{"start":{"line":173,"column":0},"end":{"line":173,"column":66}},"173":{"start":{"line":174,"column":0},"end":{"line":174,"column":9}},"174":{"start":{"line":175,"column":0},"end":{"line":175,"column":59}},"175":{"start":{"line":176,"column":0},"end":{"line":176,"column":65}},"176":{"start":{"line":177,"column":0},"end":{"line":177,"column":41}},"177":{"start":{"line":178,"column":0},"end":{"line":178,"column":28}},"178":{"start":{"line":179,"column":0},"end":{"line":179,"column":5}},"181":{"start":{"line":182,"column":0},"end":{"line":182,"column":55}},"182":{"start":{"line":183,"column":0},"end":{"line":183,"column":9}},"183":{"start":{"line":184,"column":0},"end":{"line":184,"column":71}},"184":{"start":{"line":185,"column":0},"end":{"line":185,"column":77}},"185":{"start":{"line":186,"column":0},"end":{"line":186,"column":58}},"186":{"start":{"line":187,"column":0},"end":{"line":187,"column":28}},"187":{"start":{"line":188,"column":0},"end":{"line":188,"column":5}},"190":{"start":{"line":191,"column":0},"end":{"line":191,"column":70}},"193":{"start":{"line":194,"column":0},"end":{"line":194,"column":58}},"194":{"start":{"line":195,"column":0},"end":{"line":195,"column":158}},"195":{"start":{"line":196,"column":0},"end":{"line":196,"column":5}},"197":{"start":{"line":198,"column":0},"end":{"line":198,"column":13}},"198":{"start":{"line":199,"column":0},"end":{"line":199,"column":1}}},"s":{"0":1,"23":1,"24":1,"27":1,"28":1,"29":1,"30":1,"31":1,"34":1,"35":48,"36":48,"37":48,"38":48,"39":48,"40":0,"41":0,"42":48,"43":1,"45":1,"48":1,"50":0,"52":0,"53":0,"54":0,"55":0,"56":0,"59":1,"60":0,"61":0,"64":1,"65":1,"66":1,"67":1,"68":1,"69":1,"70":1,"71":1,"74":1,"75":1,"76":1,"78":1,"79":2,"80":2,"81":2,"82":1,"83":1,"84":2,"85":1,"88":1,"89":2,"90":2,"91":2,"92":2,"93":2,"94":2,"95":2,"96":2,"97":2,"98":2,"99":2,"100":2,"101":1,"104":1,"105":1,"106":1,"107":1,"108":1,"109":1,"110":1,"111":1,"112":1,"113":1,"116":1,"117":1,"118":1,"119":1,"120":1,"121":1,"124":1,"125":1,"126":1,"127":1,"128":1,"131":1,"132":0,"133":0,"134":0,"135":0,"136":0,"137":1,"140":1,"141":3,"142":3,"143":3,"144":3,"145":2,"146":3,"147":1,"148":1,"149":3,"150":1,"152":1,"153":0,"154":0,"155":0,"157":0,"158":0,"159":0,"160":1,"163":1,"164":4,"165":4,"166":4,"167":4,"168":4,"169":1,"172":1,"173":0,"174":0,"175":0,"176":0,"177":0,"178":1,"181":1,"182":2,"183":2,"184":2,"185":1,"186":2,"187":1,"190":1,"193":1,"194":3,"195":1,"197":1,"198":1},"branchMap":{"0":{"type":"branch","line":24,"loc":{"start":{"line":24,"column":7},"end":{"line":199,"column":1}},"locations":[{"start":{"line":24,"column":7},"end":{"line":199,"column":1}}]},"1":{"type":"branch","line":28,"loc":{"start":{"line":28,"column":37},"end":{"line":28,"column":60}},"locations":[{"start":{"line":28,"column":37},"end":{"line":28,"column":60}}]},"2":{"type":"branch","line":30,"loc":{"start":{"line":30,"column":37},"end":{"line":30,"column":69}},"locations":[{"start":{"line":30,"column":37},"end":{"line":30,"column":69}}]},"3":{"type":"branch","line":49,"loc":{"start":{"line":49,"column":39},"end":{"line":57,"column":3}},"locations":[{"start":{"line":49,"column":39},"end":{"line":57,"column":3}}]},"4":{"type":"branch","line":60,"loc":{"start":{"line":60,"column":39},"end":{"line":62,"column":3}},"locations":[{"start":{"line":60,"column":39},"end":{"line":62,"column":3}}]},"5":{"type":"branch","line":35,"loc":{"start":{"line":35,"column":10},"end":{"line":44,"column":3}},"locations":[{"start":{"line":35,"column":10},"end":{"line":44,"column":3}}]},"6":{"type":"branch","line":40,"loc":{"start":{"line":40,"column":47},"end":{"line":42,"column":5}},"locations":[{"start":{"line":40,"column":47},"end":{"line":42,"column":5}}]},"7":{"type":"branch","line":65,"loc":{"start":{"line":65,"column":15},"end":{"line":72,"column":3}},"locations":[{"start":{"line":65,"column":15},"end":{"line":72,"column":3}}]},"8":{"type":"branch","line":70,"loc":{"start":{"line":70,"column":39},"end":{"line":70,"column":72}},"locations":[{"start":{"line":70,"column":39},"end":{"line":70,"column":72}}]},"9":{"type":"branch","line":75,"loc":{"start":{"line":75,"column":24},"end":{"line":77,"column":3}},"locations":[{"start":{"line":75,"column":24},"end":{"line":77,"column":3}}]},"10":{"type":"branch","line":76,"loc":{"start":{"line":76,"column":48},"end":{"line":76,"column":126}},"locations":[{"start":{"line":76,"column":48},"end":{"line":76,"column":126}}]},"11":{"type":"branch","line":79,"loc":{"start":{"line":79,"column":59},"end":{"line":86,"column":3}},"locations":[{"start":{"line":79,"column":59},"end":{"line":86,"column":3}}]},"12":{"type":"branch","line":82,"loc":{"start":{"line":82,"column":21},"end":{"line":85,"column":13}},"locations":[{"start":{"line":82,"column":21},"end":{"line":85,"column":13}}]},"13":{"type":"branch","line":85,"loc":{"start":{"line":85,"column":4},"end":{"line":85,"column":28}},"locations":[{"start":{"line":85,"column":4},"end":{"line":85,"column":28}}]},"14":{"type":"branch","line":89,"loc":{"start":{"line":89,"column":28},"end":{"line":102,"column":3}},"locations":[{"start":{"line":89,"column":28},"end":{"line":102,"column":3}}]},"15":{"type":"branch","line":105,"loc":{"start":{"line":105,"column":28},"end":{"line":114,"column":3}},"locations":[{"start":{"line":105,"column":28},"end":{"line":114,"column":3}}]},"16":{"type":"branch","line":141,"loc":{"start":{"line":141,"column":37},"end":{"line":151,"column":3}},"locations":[{"start":{"line":141,"column":37},"end":{"line":151,"column":3}}]},"17":{"type":"branch","line":145,"loc":{"start":{"line":145,"column":17},"end":{"line":145,"column":72}},"locations":[{"start":{"line":145,"column":17},"end":{"line":145,"column":72}}]},"18":{"type":"branch","line":145,"loc":{"start":{"line":145,"column":70},"end":{"line":147,"column":27}},"locations":[{"start":{"line":145,"column":70},"end":{"line":147,"column":27}}]},"19":{"type":"branch","line":147,"loc":{"start":{"line":147,"column":20},"end":{"line":150,"column":13}},"locations":[{"start":{"line":147,"column":20},"end":{"line":150,"column":13}}]},"20":{"type":"branch","line":150,"loc":{"start":{"line":150,"column":4},"end":{"line":150,"column":28}},"locations":[{"start":{"line":150,"column":4},"end":{"line":150,"column":28}}]},"21":{"type":"branch","line":164,"loc":{"start":{"line":164,"column":70},"end":{"line":170,"column":3}},"locations":[{"start":{"line":164,"column":70},"end":{"line":170,"column":3}}]},"22":{"type":"branch","line":166,"loc":{"start":{"line":166,"column":52},"end":{"line":166,"column":60}},"locations":[{"start":{"line":166,"column":52},"end":{"line":166,"column":60}}]},"23":{"type":"branch","line":169,"loc":{"start":{"line":169,"column":4},"end":{"line":169,"column":28}},"locations":[{"start":{"line":169,"column":4},"end":{"line":169,"column":28}}]},"24":{"type":"branch","line":182,"loc":{"start":{"line":182,"column":28},"end":{"line":188,"column":3}},"locations":[{"start":{"line":182,"column":28},"end":{"line":188,"column":3}}]},"25":{"type":"branch","line":184,"loc":{"start":{"line":184,"column":33},"end":{"line":184,"column":56}},"locations":[{"start":{"line":184,"column":33},"end":{"line":184,"column":56}}]},"26":{"type":"branch","line":185,"loc":{"start":{"line":185,"column":19},"end":{"line":187,"column":13}},"locations":[{"start":{"line":185,"column":19},"end":{"line":187,"column":13}}]},"27":{"type":"branch","line":187,"loc":{"start":{"line":187,"column":4},"end":{"line":187,"column":28}},"locations":[{"start":{"line":187,"column":4},"end":{"line":187,"column":28}}]},"28":{"type":"branch","line":191,"loc":{"start":{"line":191,"column":32},"end":{"line":191,"column":68}},"locations":[{"start":{"line":191,"column":32},"end":{"line":191,"column":68}}]},"29":{"type":"branch","line":194,"loc":{"start":{"line":194,"column":10},"end":{"line":196,"column":3}},"locations":[{"start":{"line":194,"column":10},"end":{"line":196,"column":3}}]},"30":{"type":"branch","line":195,"loc":{"start":{"line":195,"column":73},"end":{"line":195,"column":115}},"locations":[{"start":{"line":195,"column":73},"end":{"line":195,"column":115}}]},"31":{"type":"branch","line":195,"loc":{"start":{"line":195,"column":119},"end":{"line":195,"column":155}},"locations":[{"start":{"line":195,"column":119},"end":{"line":195,"column":155}}]}},"b":{"0":[1],"1":[0],"2":[0],"3":[0],"4":[0],"5":[48],"6":[0],"7":[1],"8":[3],"9":[1],"10":[3],"11":[2],"12":[1],"13":[0],"14":[2],"15":[1],"16":[3],"17":[1],"18":[2],"19":[1],"20":[0],"21":[4],"22":[3],"23":[0],"24":[2],"25":[1],"26":[1],"27":[0],"28":[1],"29":[3],"30":[0],"31":[0]},"fnMap":{"0":{"name":"createApp","decl":{"start":{"line":24,"column":7},"end":{"line":199,"column":1}},"loc":{"start":{"line":24,"column":7},"end":{"line":199,"column":1}},"line":24}},"f":{"0":1}}
,"/Users/mikeumus/Documents/cloud-kill-switch/packages/api/src/index.ts": {"path":"/Users/mikeumus/Documents/cloud-kill-switch/packages/api/src/index.ts","all":true,"statementMap":{"0":{"start":{"line":1,"column":0},"end":{"line":1,"column":3}},"6":{"start":{"line":7,"column":0},"end":{"line":7,"column":29}},"7":{"start":{"line":8,"column":0},"end":{"line":8,"column":37}},"8":{"start":{"line":9,"column":0},"end":{"line":9,"column":64}},"9":{"start":{"line":10,"column":0},"end":{"line":10,"column":72}},"11":{"start":{"line":12,"column":0},"end":{"line":12,"column":24}},"12":{"start":{"line":13,"column":0},"end":{"line":13,"column":50}},"13":{"start":{"line":14,"column":0},"end":{"line":14,"column":59}},"16":{"start":{"line":17,"column":0},"end":{"line":17,"column":39}},"17":{"start":{"line":18,"column":0},"end":{"line":18,"column":72}},"18":{"start":{"line":19,"column":0},"end":{"line":19,"column":91}},"19":{"start":{"line":20,"column":0},"end":{"line":20,"column":3}},"22":{"start":{"line":23,"column":0},"end":{"line":23,"column":14}},"23":{"start":{"line":24,"column":0},"end":{"line":24,"column":100}},"24":{"start":{"line":25,"column":0},"end":{"line":25,"column":105}},"26":{"start":{"line":27,"column":0},"end":{"line":27,"column":26}},"27":{"start":{"line":28,"column":0},"end":{"line":28,"column":74}},"28":{"start":{"line":29,"column":0},"end":{"line":29,"column":62}},"29":{"start":{"line":30,"column":0},"end":{"line":30,"column":68}},"30":{"start":{"line":31,"column":0},"end":{"line":31,"column":5}},"31":{"start":{"line":32,"column":0},"end":{"line":32,"column":5}}},"s":{"0":0,"6":0,"7":0,"8":0,"9":0,"11":0,"12":0,"13":0,"16":0,"17":0,"18":0,"19":0,"22":0,"23":0,"24":0,"26":0,"27":0,"28":0,"29":0,"30":0,"31":0},"branchMap":{"0":{"type":"branch","line":1,"loc":{"start":{"line":1,"column":0},"end":{"line":32,"column":-242}},"locations":[{"start":{"line":1,"column":0},"end":{"line":32,"column":-242}}]}},"b":{"0":[0]},"fnMap":{"0":{"name":"(empty-report)","decl":{"start":{"line":1,"column":0},"end":{"line":32,"column":-242}},"loc":{"start":{"line":1,"column":0},"end":{"line":32,"column":-242}},"line":1}},"f":{"0":0}}
,"/Users/mikeumus/Documents/cloud-kill-switch/packages/api/src/globals/index.ts": {"path":"/Users/mikeumus/Documents/cloud-kill-switch/packages/api/src/globals/index.ts","all":false,"statementMap":{"0":{"start":{"line":1,"column":0},"end":{"line":1,"column":3}},"9":{"start":{"line":10,"column":0},"end":{"line":10,"column":27}},"11":{"start":{"line":12,"column":0},"end":{"line":12,"column":55}},"12":{"start":{"line":13,"column":0},"end":{"line":13,"column":29}},"14":{"start":{"line":15,"column":0},"end":{"line":15,"column":83}},"15":{"start":{"line":16,"column":0},"end":{"line":16,"column":13}},"16":{"start":{"line":17,"column":0},"end":{"line":17,"column":87}},"17":{"start":{"line":18,"column":0},"end":{"line":18,"column":11}},"18":{"start":{"line":19,"column":0},"end":{"line":19,"column":3}},"20":{"start":{"line":21,"column":0},"end":{"line":21,"column":7}},"21":{"start":{"line":22,"column":0},"end":{"line":22,"column":33}},"22":{"start":{"line":23,"column":0},"end":{"line":23,"column":22}},"23":{"start":{"line":24,"column":0},"end":{"line":24,"column":37}},"24":{"start":{"line":25,"column":0},"end":{"line":25,"column":29}},"25":{"start":{"line":26,"column":0},"end":{"line":26,"column":7}},"26":{"start":{"line":27,"column":0},"end":{"line":27,"column":26}},"27":{"start":{"line":28,"column":0},"end":{"line":28,"column":53}},"28":{"start":{"line":29,"column":0},"end":{"line":29,"column":24}},"29":{"start":{"line":30,"column":0},"end":{"line":30,"column":74}},"30":{"start":{"line":31,"column":0},"end":{"line":31,"column":16}},"31":{"start":{"line":32,"column":0},"end":{"line":32,"column":3}},"32":{"start":{"line":33,"column":0},"end":{"line":33,"column":1}},"39":{"start":{"line":40,"column":0},"end":{"line":40,"column":31}},"41":{"start":{"line":42,"column":0},"end":{"line":42,"column":41}},"42":{"start":{"line":43,"column":0},"end":{"line":43,"column":16}},"43":{"start":{"line":44,"column":0},"end":{"line":44,"column":91}},"44":{"start":{"line":45,"column":0},"end":{"line":45,"column":28}},"45":{"start":{"line":46,"column":0},"end":{"line":46,"column":89}},"46":{"start":{"line":47,"column":0},"end":{"line":47,"column":5}},"48":{"start":{"line":49,"column":0},"end":{"line":49,"column":23}},"49":{"start":{"line":50,"column":0},"end":{"line":50,"column":23}},"50":{"start":{"line":51,"column":0},"end":{"line":51,"column":14}},"51":{"start":{"line":52,"column":0},"end":{"line":52,"column":31}},"52":{"start":{"line":53,"column":0},"end":{"line":53,"column":36}},"53":{"start":{"line":54,"column":0},"end":{"line":54,"column":7}},"55":{"start":{"line":56,"column":0},"end":{"line":56,"column":33}},"56":{"start":{"line":57,"column":0},"end":{"line":57,"column":70}},"57":{"start":{"line":58,"column":0},"end":{"line":58,"column":7}},"58":{"start":{"line":59,"column":0},"end":{"line":59,"column":3}},"59":{"start":{"line":60,"column":0},"end":{"line":60,"column":16}},"60":{"start":{"line":61,"column":0},"end":{"line":61,"column":1}},"65":{"start":{"line":66,"column":0},"end":{"line":66,"column":59}},"66":{"start":{"line":67,"column":0},"end":{"line":67,"column":33}},"68":{"start":{"line":69,"column":0},"end":{"line":69,"column":20}},"81":{"start":{"line":82,"column":0},"end":{"line":82,"column":5}},"83":{"start":{"line":84,"column":0},"end":{"line":84,"column":20}},"86":{"start":{"line":87,"column":0},"end":{"line":87,"column":5}},"88":{"start":{"line":89,"column":0},"end":{"line":89,"column":20}},"91":{"start":{"line":92,"column":0},"end":{"line":92,"column":5}},"93":{"start":{"line":94,"column":0},"end":{"line":94,"column":20}},"104":{"start":{"line":105,"column":0},"end":{"line":105,"column":5}},"106":{"start":{"line":107,"column":0},"end":{"line":107,"column":20}},"109":{"start":{"line":110,"column":0},"end":{"line":110,"column":5}},"111":{"start":{"line":112,"column":0},"end":{"line":112,"column":60}},"112":{"start":{"line":113,"column":0},"end":{"line":113,"column":1}},"117":{"start":{"line":118,"column":0},"end":{"line":118,"column":42}},"118":{"start":{"line":119,"column":0},"end":{"line":119,"column":25}},"119":{"start":{"line":120,"column":0},"end":{"line":120,"column":28}},"120":{"start":{"line":121,"column":0},"end":{"line":121,"column":19}},"121":{"start":{"line":122,"column":0},"end":{"line":122,"column":35}},"122":{"start":{"line":123,"column":0},"end":{"line":123,"column":23}},"123":{"start":{"line":124,"column":0},"end":{"line":124,"column":25}},"124":{"start":{"line":125,"column":0},"end":{"line":125,"column":32}},"125":{"start":{"line":126,"column":0},"end":{"line":126,"column":23}},"126":{"start":{"line":127,"column":0},"end":{"line":127,"column":18}},"127":{"start":{"line":128,"column":0},"end":{"line":128,"column":33}},"128":{"start":{"line":129,"column":0},"end":{"line":129,"column":19}},"129":{"start":{"line":130,"column":0},"end":{"line":130,"column":41}},"132":{"start":{"line":133,"column":0},"end":{"line":133,"column":138}},"133":{"start":{"line":134,"column":0},"end":{"line":134,"column":4}},"134":{"start":{"line":135,"column":0},"end":{"line":135,"column":1}},"139":{"start":{"line":140,"column":0},"end":{"line":140,"column":34}},"140":{"start":{"line":141,"column":0},"end":{"line":141,"column":25}},"141":{"start":{"line":142,"column":0},"end":{"line":142,"column":28}},"142":{"start":{"line":143,"column":0},"end":{"line":143,"column":19}},"143":{"start":{"line":144,"column":0},"end":{"line":144,"column":18}},"144":{"start":{"line":145,"column":0},"end":{"line":145,"column":35}},"145":{"start":{"line":146,"column":0},"end":{"line":146,"column":24}},"146":{"start":{"line":147,"column":0},"end":{"line":147,"column":18}},"147":{"start":{"line":148,"column":0},"end":{"line":148,"column":33}},"148":{"start":{"line":149,"column":0},"end":{"line":149,"column":19}},"149":{"start":{"line":150,"column":0},"end":{"line":150,"column":32}},"152":{"start":{"line":153,"column":0},"end":{"line":153,"column":97}},"153":{"start":{"line":154,"column":0},"end":{"line":154,"column":4}},"154":{"start":{"line":155,"column":0},"end":{"line":155,"column":1}},"159":{"start":{"line":160,"column":0},"end":{"line":160,"column":38}},"160":{"start":{"line":161,"column":0},"end":{"line":161,"column":25}},"161":{"start":{"line":162,"column":0},"end":{"line":162,"column":18}},"162":{"start":{"line":163,"column":0},"end":{"line":163,"column":19}},"163":{"start":{"line":164,"column":0},"end":{"line":164,"column":33}},"164":{"start":{"line":165,"column":0},"end":{"line":165,"column":34}},"165":{"start":{"line":166,"column":0},"end":{"line":166,"column":43}},"170":{"start":{"line":171,"column":0},"end":{"line":171,"column":26}},"171":{"start":{"line":172,"column":0},"end":{"line":172,"column":4}},"172":{"start":{"line":173,"column":0},"end":{"line":173,"column":21}},"173":{"start":{"line":174,"column":0},"end":{"line":174,"column":1}},"179":{"start":{"line":180,"column":0},"end":{"line":180,"column":43}},"180":{"start":{"line":181,"column":0},"end":{"line":181,"column":28}},"181":{"start":{"line":182,"column":0},"end":{"line":182,"column":19}},"190":{"start":{"line":191,"column":0},"end":{"line":191,"column":4}},"191":{"start":{"line":192,"column":0},"end":{"line":192,"column":33}},"196":{"start":{"line":197,"column":0},"end":{"line":197,"column":39}},"197":{"start":{"line":198,"column":0},"end":{"line":198,"column":117}},"212":{"start":{"line":213,"column":0},"end":{"line":213,"column":29}},"213":{"start":{"line":214,"column":0},"end":{"line":214,"column":4}},"215":{"start":{"line":216,"column":0},"end":{"line":216,"column":56}},"216":{"start":{"line":217,"column":0},"end":{"line":217,"column":17}},"217":{"start":{"line":218,"column":0},"end":{"line":218,"column":34}},"218":{"start":{"line":219,"column":0},"end":{"line":219,"column":40}},"219":{"start":{"line":220,"column":0},"end":{"line":220,"column":44}},"220":{"start":{"line":221,"column":0},"end":{"line":221,"column":6}},"222":{"start":{"line":223,"column":0},"end":{"line":223,"column":74}},"223":{"start":{"line":224,"column":0},"end":{"line":224,"column":46}},"224":{"start":{"line":225,"column":0},"end":{"line":225,"column":55}},"225":{"start":{"line":226,"column":0},"end":{"line":226,"column":49}},"229":{"start":{"line":230,"column":0},"end":{"line":230,"column":41}},"230":{"start":{"line":231,"column":0},"end":{"line":231,"column":11}},"244":{"start":{"line":245,"column":0},"end":{"line":245,"column":29}},"245":{"start":{"line":246,"column":0},"end":{"line":246,"column":4}},"247":{"start":{"line":248,"column":0},"end":{"line":248,"column":79}},"249":{"start":{"line":250,"column":0},"end":{"line":250,"column":78}},"250":{"start":{"line":251,"column":0},"end":{"line":251,"column":43}},"254":{"start":{"line":255,"column":0},"end":{"line":255,"column":43}},"255":{"start":{"line":256,"column":0},"end":{"line":256,"column":11}},"273":{"start":{"line":274,"column":0},"end":{"line":274,"column":29}},"274":{"start":{"line":275,"column":0},"end":{"line":275,"column":4}},"276":{"start":{"line":277,"column":0},"end":{"line":277,"column":66}},"277":{"start":{"line":278,"column":0},"end":{"line":278,"column":39}},"278":{"start":{"line":279,"column":0},"end":{"line":279,"column":25}},"279":{"start":{"line":280,"column":0},"end":{"line":280,"column":45}},"280":{"start":{"line":281,"column":0},"end":{"line":281,"column":52}},"281":{"start":{"line":282,"column":0},"end":{"line":282,"column":6}},"283":{"start":{"line":284,"column":0},"end":{"line":284,"column":10}},"284":{"start":{"line":285,"column":0},"end":{"line":285,"column":15}},"285":{"start":{"line":286,"column":0},"end":{"line":286,"column":21}},"286":{"start":{"line":287,"column":0},"end":{"line":287,"column":17}},"287":{"start":{"line":288,"column":0},"end":{"line":288,"column":25}},"288":{"start":{"line":289,"column":0},"end":{"line":289,"column":20}},"289":{"start":{"line":290,"column":0},"end":{"line":290,"column":22}},"290":{"start":{"line":291,"column":0},"end":{"line":291,"column":21}},"291":{"start":{"line":292,"column":0},"end":{"line":292,"column":4}},"292":{"start":{"line":293,"column":0},"end":{"line":293,"column":1}},"297":{"start":{"line":298,"column":0},"end":{"line":298,"column":38}},"298":{"start":{"line":299,"column":0},"end":{"line":299,"column":28}},"299":{"start":{"line":300,"column":0},"end":{"line":300,"column":20}},"300":{"start":{"line":301,"column":0},"end":{"line":301,"column":19}},"301":{"start":{"line":302,"column":0},"end":{"line":302,"column":33}},"302":{"start":{"line":303,"column":0},"end":{"line":303,"column":34}},"303":{"start":{"line":304,"column":0},"end":{"line":304,"column":34}},"307":{"start":{"line":308,"column":0},"end":{"line":308,"column":30}},"308":{"start":{"line":309,"column":0},"end":{"line":309,"column":4}},"309":{"start":{"line":310,"column":0},"end":{"line":310,"column":21}},"310":{"start":{"line":311,"column":0},"end":{"line":311,"column":1}}},"s":{"0":1,"9":1,"11":0,"12":0,"14":0,"15":0,"16":0,"17":0,"18":0,"20":0,"21":0,"22":0,"23":0,"24":0,"25":0,"26":0,"27":0,"28":0,"29":0,"30":0,"31":0,"32":0,"39":1,"41":1,"42":7,"43":1,"44":1,"45":0,"46":0,"48":1,"49":1,"50":1,"51":1,"52":1,"53":1,"55":1,"56":0,"57":1,"58":1,"59":7,"60":7,"65":0,"66":0,"68":0,"81":0,"83":0,"86":0,"88":0,"91":0,"93":0,"104":0,"106":0,"109":0,"111":0,"112":0,"117":0,"118":0,"119":0,"120":0,"121":0,"122":0,"123":0,"124":0,"125":0,"126":0,"127":0,"128":0,"129":0,"132":0,"133":0,"134":0,"139":0,"140":0,"141":0,"142":0,"143":0,"144":0,"145":0,"146":0,"147":0,"148":0,"149":0,"152":0,"153":0,"154":0,"159":0,"160":0,"161":0,"162":0,"163":0,"164":0,"165":0,"170":0,"171":0,"172":0,"173":0,"179":7,"180":7,"181":7,"190":7,"191":7,"196":7,"197":7,"212":7,"213":7,"215":7,"216":8,"217":8,"218":8,"219":8,"220":7,"222":7,"223":7,"224":7,"225":7,"229":7,"230":7,"244":7,"245":7,"247":7,"249":7,"250":7,"254":7,"255":7,"273":7,"274":7,"276":7,"277":3,"278":3,"279":3,"280":3,"281":7,"283":7,"284":7,"285":7,"286":7,"287":7,"288":7,"289":7,"290":7,"291":7,"292":7,"297":0,"298":0,"299":0,"300":0,"301":0,"302":0,"303":0,"307":0,"308":0,"309":0,"310":0},"branchMap":{"0":{"type":"branch","line":42,"loc":{"start":{"line":42,"column":7},"end":{"line":61,"column":1}},"locations":[{"start":{"line":42,"column":7},"end":{"line":61,"column":1}}]},"1":{"type":"branch","line":43,"loc":{"start":{"line":43,"column":15},"end":{"line":59,"column":3}},"locations":[{"start":{"line":43,"column":15},"end":{"line":59,"column":3}}]},"2":{"type":"branch","line":44,"loc":{"start":{"line":44,"column":41},"end":{"line":44,"column":91}},"locations":[{"start":{"line":44,"column":41},"end":{"line":44,"column":91}}]},"3":{"type":"branch","line":45,"loc":{"start":{"line":45,"column":27},"end":{"line":47,"column":5}},"locations":[{"start":{"line":45,"column":27},"end":{"line":47,"column":5}}]},"4":{"type":"branch","line":180,"loc":{"start":{"line":180,"column":0},"end":{"line":293,"column":1}},"locations":[{"start":{"line":180,"column":0},"end":{"line":293,"column":1}}]},"5":{"type":"branch","line":224,"loc":{"start":{"line":224,"column":34},"end":{"line":224,"column":46}},"locations":[{"start":{"line":224,"column":34},"end":{"line":224,"column":46}}]},"6":{"type":"branch","line":248,"loc":{"start":{"line":248,"column":72},"end":{"line":248,"column":79}},"locations":[{"start":{"line":248,"column":72},"end":{"line":248,"column":79}}]},"7":{"type":"branch","line":250,"loc":{"start":{"line":250,"column":71},"end":{"line":250,"column":78}},"locations":[{"start":{"line":250,"column":71},"end":{"line":250,"column":78}}]},"8":{"type":"branch","line":216,"loc":{"start":{"line":216,"column":42},"end":{"line":221,"column":4}},"locations":[{"start":{"line":216,"column":42},"end":{"line":221,"column":4}}]},"9":{"type":"branch","line":218,"loc":{"start":{"line":218,"column":27},"end":{"line":218,"column":34}},"locations":[{"start":{"line":218,"column":27},"end":{"line":218,"column":34}}]},"10":{"type":"branch","line":219,"loc":{"start":{"line":219,"column":33},"end":{"line":219,"column":40}},"locations":[{"start":{"line":219,"column":33},"end":{"line":219,"column":40}}]},"11":{"type":"branch","line":220,"loc":{"start":{"line":220,"column":37},"end":{"line":220,"column":44}},"locations":[{"start":{"line":220,"column":37},"end":{"line":220,"column":44}}]},"12":{"type":"branch","line":223,"loc":{"start":{"line":223,"column":45},"end":{"line":223,"column":71}},"locations":[{"start":{"line":223,"column":45},"end":{"line":223,"column":71}}]},"13":{"type":"branch","line":277,"loc":{"start":{"line":277,"column":52},"end":{"line":282,"column":4}},"locations":[{"start":{"line":277,"column":52},"end":{"line":282,"column":4}}]},"14":{"type":"branch","line":280,"loc":{"start":{"line":280,"column":38},"end":{"line":280,"column":45}},"locations":[{"start":{"line":280,"column":38},"end":{"line":280,"column":45}}]},"15":{"type":"branch","line":281,"loc":{"start":{"line":281,"column":45},"end":{"line":281,"column":52}},"locations":[{"start":{"line":281,"column":45},"end":{"line":281,"column":52}}]}},"b":{"0":[7],"1":[1],"2":[0],"3":[0],"4":[7],"5":[2],"6":[6],"7":[6],"8":[8],"9":[1],"10":[1],"11":[5],"12":[8],"13":[3],"14":[1],"15":[1]},"fnMap":{"0":{"name":"connectMongoDB","decl":{"start":{"line":12,"column":0},"end":{"line":33,"column":1}},"loc":{"start":{"line":12,"column":0},"end":{"line":33,"column":1}},"line":12},"1":{"name":"getPostgresPool","decl":{"start":{"line":42,"column":7},"end":{"line":61,"column":1}},"loc":{"start":{"line":42,"column":7},"end":{"line":61,"column":1}},"line":42},"2":{"name":"initPostgresTables","decl":{"start":{"line":66,"column":0},"end":{"line":113,"column":1}},"loc":{"start":{"line":66,"column":0},"end":{"line":113,"column":1}},"line":66},"3":{"name":"recordUsageSnapshot","decl":{"start":{"line":118,"column":0},"end":{"line":135,"column":1}},"loc":{"start":{"line":118,"column":0},"end":{"line":135,"column":1}},"line":118},"4":{"name":"recordAlert","decl":{"start":{"line":140,"column":0},"end":{"line":155,"column":1}},"loc":{"start":{"line":140,"column":0},"end":{"line":155,"column":1}},"line":140},"5":{"name":"getUsageHistory","decl":{"start":{"line":160,"column":0},"end":{"line":174,"column":1}},"loc":{"start":{"line":160,"column":0},"end":{"line":174,"column":1}},"line":160},"6":{"name":"getAnalyticsOverview","decl":{"start":{"line":180,"column":0},"end":{"line":293,"column":1}},"loc":{"start":{"line":180,"column":0},"end":{"line":293,"column":1}},"line":180},"7":{"name":"getAlertHistory","decl":{"start":{"line":298,"column":0},"end":{"line":311,"column":1}},"loc":{"start":{"line":298,"column":0},"end":{"line":311,"column":1}},"line":298}},"f":{"0":0,"1":7,"2":0,"3":0,"4":0,"5":0,"6":7,"7":0}}
,"/Users/mikeumus/Documents/cloud-kill-switch/packages/api/src/middleware/auth.ts": {"path":"/Users/mikeumus/Documents/cloud-kill-switch/packages/api/src/middleware/auth.ts","all":false,"statementMap":{"0":{"start":{"line":1,"column":0},"end":{"line":1,"column":3}},"10":{"start":{"line":11,"column":0},"end":{"line":11,"column":80}},"11":{"start":{"line":12,"column":0},"end":{"line":12,"column":88}},"13":{"start":{"line":14,"column":0},"end":{"line":14,"column":90}},"29":{"start":{"line":30,"column":0},"end":{"line":30,"column":112}},"31":{"start":{"line":32,"column":0},"end":{"line":32,"column":97}},"32":{"start":{"line":33,"column":0},"end":{"line":33,"column":72}},"33":{"start":{"line":34,"column":0},"end":{"line":34,"column":66}},"34":{"start":{"line":35,"column":0},"end":{"line":35,"column":36}},"35":{"start":{"line":36,"column":0},"end":{"line":36,"column":43}},"36":{"start":{"line":37,"column":0},"end":{"line":37,"column":43}},"37":{"start":{"line":38,"column":0},"end":{"line":38,"column":20}},"38":{"start":{"line":39,"column":0},"end":{"line":39,"column":5}},"39":{"start":{"line":40,"column":0},"end":{"line":40,"column":3}},"41":{"start":{"line":42,"column":0},"end":{"line":42,"column":47}},"42":{"start":{"line":43,"column":0},"end":{"line":43,"column":43}},"43":{"start":{"line":44,"column":0},"end":{"line":44,"column":79}},"44":{"start":{"line":45,"column":0},"end":{"line":45,"column":11}},"45":{"start":{"line":46,"column":0},"end":{"line":46,"column":3}},"47":{"start":{"line":48,"column":0},"end":{"line":48,"column":40}},"49":{"start":{"line":50,"column":0},"end":{"line":50,"column":7}},"50":{"start":{"line":51,"column":0},"end":{"line":51,"column":54}},"51":{"start":{"line":52,"column":0},"end":{"line":52,"column":41}},"52":{"start":{"line":53,"column":0},"end":{"line":53,"column":31}},"53":{"start":{"line":54,"column":0},"end":{"line":54,"column":7}},"55":{"start":{"line":56,"column":0},"end":{"line":56,"column":29}},"56":{"start":{"line":57,"column":0},"end":{"line":57,"column":16}},"57":{"start":{"line":58,"column":0},"end":{"line":58,"column":33}},"58":{"start":{"line":59,"column":0},"end":{"line":59,"column":49}},"59":{"start":{"line":60,"column":0},"end":{"line":60,"column":63}},"60":{"start":{"line":61,"column":0},"end":{"line":61,"column":6}},"62":{"start":{"line":63,"column":0},"end":{"line":63,"column":11}},"63":{"start":{"line":64,"column":0},"end":{"line":64,"column":24}},"64":{"start":{"line":65,"column":0},"end":{"line":65,"column":72}},"65":{"start":{"line":66,"column":0},"end":{"line":66,"column":64}},"66":{"start":{"line":67,"column":0},"end":{"line":67,"column":3}},"67":{"start":{"line":68,"column":0},"end":{"line":68,"column":1}},"73":{"start":{"line":74,"column":0},"end":{"line":74,"column":123}},"74":{"start":{"line":75,"column":0},"end":{"line":75,"column":30}},"75":{"start":{"line":76,"column":0},"end":{"line":76,"column":44}},"76":{"start":{"line":77,"column":0},"end":{"line":77,"column":3}},"78":{"start":{"line":79,"column":0},"end":{"line":79,"column":20}},"79":{"start":{"line":80,"column":0},"end":{"line":80,"column":57}},"80":{"start":{"line":81,"column":0},"end":{"line":81,"column":11}},"81":{"start":{"line":82,"column":0},"end":{"line":82,"column":3}},"83":{"start":{"line":84,"column":0},"end":{"line":84,"column":7}},"85":{"start":{"line":86,"column":0},"end":{"line":86,"column":90}},"87":{"start":{"line":88,"column":0},"end":{"line":88,"column":82}},"89":{"start":{"line":90,"column":0},"end":{"line":90,"column":19}},"91":{"start":{"line":92,"column":0},"end":{"line":92,"column":51}},"92":{"start":{"line":93,"column":0},"end":{"line":93,"column":32}},"93":{"start":{"line":94,"column":0},"end":{"line":94,"column":70}},"94":{"start":{"line":95,"column":0},"end":{"line":95,"column":21}},"95":{"start":{"line":96,"column":0},"end":{"line":96,"column":26}},"96":{"start":{"line":97,"column":0},"end":{"line":97,"column":75}},"97":{"start":{"line":98,"column":0},"end":{"line":98,"column":9}},"98":{"start":{"line":99,"column":0},"end":{"line":99,"column":73}},"99":{"start":{"line":100,"column":0},"end":{"line":100,"column":5}},"101":{"start":{"line":102,"column":0},"end":{"line":102,"column":51}},"102":{"start":{"line":103,"column":0},"end":{"line":103,"column":11}},"103":{"start":{"line":104,"column":0},"end":{"line":104,"column":24}},"104":{"start":{"line":105,"column":0},"end":{"line":105,"column":83}},"105":{"start":{"line":106,"column":0},"end":{"line":106,"column":65}},"106":{"start":{"line":107,"column":0},"end":{"line":107,"column":3}},"107":{"start":{"line":108,"column":0},"end":{"line":108,"column":1}}},"s":{"0":1,"10":1,"11":1,"13":1,"29":40,"31":40,"32":40,"33":40,"34":40,"35":38,"36":38,"37":38,"38":38,"39":40,"41":2,"42":40,"43":2,"44":2,"45":2,"47":0,"49":0,"50":0,"51":0,"52":0,"53":0,"55":0,"56":0,"57":0,"58":0,"59":0,"60":0,"62":0,"63":0,"64":0,"65":0,"66":0,"67":40,"73":33,"74":33,"75":33,"76":33,"78":0,"79":0,"80":0,"81":0,"83":0,"85":0,"87":0,"89":0,"91":0,"92":0,"93":0,"94":0,"95":0,"96":0,"97":0,"98":0,"99":0,"101":0,"102":0,"103":0,"104":0,"105":0,"106":0,"107":33},"branchMap":{"0":{"type":"branch","line":30,"loc":{"start":{"line":30,"column":0},"end":{"line":68,"column":1}},"locations":[{"start":{"line":30,"column":0},"end":{"line":68,"column":1}}]},"1":{"type":"branch","line":35,"loc":{"start":{"line":35,"column":8},"end":{"line":35,"column":35}},"locations":[{"start":{"line":35,"column":8},"end":{"line":35,"column":35}}]},"2":{"type":"branch","line":35,"loc":{"start":{"line":35,"column":35},"end":{"line":39,"column":5}},"locations":[{"start":{"line":35,"column":35},"end":{"line":39,"column":5}}]},"3":{"type":"branch","line":37,"loc":{"start":{"line":37,"column":19},"end":{"line":37,"column":43}},"locations":[{"start":{"line":37,"column":19},"end":{"line":37,"column":43}}]},"4":{"type":"branch","line":40,"loc":{"start":{"line":40,"column":2},"end":{"line":43,"column":19}},"locations":[{"start":{"line":40,"column":2},"end":{"line":43,"column":19}}]},"5":{"type":"branch","line":43,"loc":{"start":{"line":43,"column":7},"end":{"line":43,"column":30}},"locations":[{"start":{"line":43,"column":7},"end":{"line":43,"column":30}}]},"6":{"type":"branch","line":43,"loc":{"start":{"line":43,"column":42},"end":{"line":46,"column":3}},"locations":[{"start":{"line":43,"column":42},"end":{"line":46,"column":3}}]},"7":{"type":"branch","line":46,"loc":{"start":{"line":46,"column":2},"end":{"line":67,"column":3}},"locations":[{"start":{"line":46,"column":2},"end":{"line":67,"column":3}}]},"8":{"type":"branch","line":74,"loc":{"start":{"line":74,"column":0},"end":{"line":108,"column":1}},"locations":[{"start":{"line":74,"column":0},"end":{"line":108,"column":1}}]},"9":{"type":"branch","line":77,"loc":{"start":{"line":77,"column":2},"end":{"line":107,"column":3}},"locations":[{"start":{"line":77,"column":2},"end":{"line":107,"column":3}}]}},"b":{"0":[40],"1":[2],"2":[38],"3":[0],"4":[2],"5":[0],"6":[2],"7":[0],"8":[33],"9":[0]},"fnMap":{"0":{"name":"requireAuth","decl":{"start":{"line":30,"column":0},"end":{"line":68,"column":1}},"loc":{"start":{"line":30,"column":0},"end":{"line":68,"column":1}},"line":30},"1":{"name":"resolveGuardianAccount","decl":{"start":{"line":74,"column":0},"end":{"line":108,"column":1}},"loc":{"start":{"line":74,"column":0},"end":{"line":108,"column":1}},"line":74}},"f":{"0":40,"1":33}}
,"/Users/mikeumus/Documents/cloud-kill-switch/packages/api/src/models/cloud-account/schema.ts": {"path":"/Users/mikeumus/Documents/cloud-kill-switch/packages/api/src/models/cloud-account/schema.ts","all":false,"statementMap":{"0":{"start":{"line":1,"column":0},"end":{"line":1,"column":54}},"24":{"start":{"line":25,"column":0},"end":{"line":25,"column":61}},"25":{"start":{"line":26,"column":0},"end":{"line":26,"column":67}},"26":{"start":{"line":27,"column":0},"end":{"line":27,"column":81}},"27":{"start":{"line":28,"column":0},"end":{"line":28,"column":41}},"28":{"start":{"line":29,"column":0},"end":{"line":29,"column":54}},"29":{"start":{"line":30,"column":0},"end":{"line":30,"column":49}},"30":{"start":{"line":31,"column":0},"end":{"line":31,"column":99}},"31":{"start":{"line":32,"column":0},"end":{"line":32,"column":56}},"32":{"start":{"line":33,"column":0},"end":{"line":33,"column":53}},"33":{"start":{"line":34,"column":0},"end":{"line":34,"column":51}},"34":{"start":{"line":35,"column":0},"end":{"line":35,"column":48}},"35":{"start":{"line":36,"column":0},"end":{"line":36,"column":32}},"36":{"start":{"line":37,"column":0},"end":{"line":37,"column":72}},"37":{"start":{"line":38,"column":0},"end":{"line":38,"column":35}},"38":{"start":{"line":39,"column":0},"end":{"line":39,"column":37}},"39":{"start":{"line":40,"column":0},"end":{"line":40,"column":57}},"40":{"start":{"line":41,"column":0},"end":{"line":41,"column":57}},"41":{"start":{"line":42,"column":0},"end":{"line":42,"column":3}},"43":{"start":{"line":44,"column":0},"end":{"line":44,"column":44}},"44":{"start":{"line":45,"column":0},"end":{"line":45,"column":30}},"45":{"start":{"line":46,"column":0},"end":{"line":46,"column":3}},"47":{"start":{"line":48,"column":0},"end":{"line":48,"column":119}},"48":{"start":{"line":49,"column":0},"end":{"line":49,"column":83}}},"s":{"0":1,"24":1,"25":1,"26":1,"27":1,"28":1,"29":1,"30":1,"31":1,"32":1,"33":1,"34":1,"35":1,"36":1,"37":1,"38":1,"39":1,"40":1,"41":1,"43":1,"44":0,"45":0,"47":1,"48":1},"branchMap":{},"b":{},"fnMap":{"0":{"name":"default","decl":{"start":{"line":40,"column":38},"end":{"line":40,"column":55}},"loc":{"start":{"line":40,"column":38},"end":{"line":40,"column":55}},"line":40},"1":{"name":"default","decl":{"start":{"line":41,"column":38},"end":{"line":41,"column":55}},"loc":{"start":{"line":41,"column":38},"end":{"line":41,"column":55}},"line":41}},"f":{"0":0,"1":0}}
,"/Users/mikeumus/Documents/cloud-kill-switch/packages/api/src/models/encrypted-credential/schema.ts": {"path":"/Users/mikeumus/Documents/cloud-kill-switch/packages/api/src/models/encrypted-credential/schema.ts","all":true,"statementMap":{"0":{"start":{"line":1,"column":0},"end":{"line":1,"column":3}},"17":{"start":{"line":18,"column":0},"end":{"line":18,"column":32}},"18":{"start":{"line":19,"column":0},"end":{"line":19,"column":23}},"19":{"start":{"line":20,"column":0},"end":{"line":20,"column":21}},"20":{"start":{"line":21,"column":0},"end":{"line":21,"column":22}},"24":{"start":{"line":25,"column":0},"end":{"line":25,"column":33}},"25":{"start":{"line":26,"column":0},"end":{"line":26,"column":49}},"26":{"start":{"line":27,"column":0},"end":{"line":27,"column":32}},"27":{"start":{"line":28,"column":0},"end":{"line":28,"column":73}},"28":{"start":{"line":29,"column":0},"end":{"line":29,"column":3}},"29":{"start":{"line":30,"column":0},"end":{"line":30,"column":13}},"30":{"start":{"line":31,"column":0},"end":{"line":31,"column":1}},"32":{"start":{"line":33,"column":0},"end":{"line":33,"column":103}},"33":{"start":{"line":34,"column":0},"end":{"line":34,"column":35}},"34":{"start":{"line":35,"column":0},"end":{"line":35,"column":40}},"35":{"start":{"line":36,"column":0},"end":{"line":36,"column":36}},"36":{"start":{"line":37,"column":0},"end":{"line":37,"column":80}},"37":{"start":{"line":38,"column":0},"end":{"line":38,"column":52}},"38":{"start":{"line":39,"column":0},"end":{"line":39,"column":86}},"39":{"start":{"line":40,"column":0},"end":{"line":40,"column":38}},"40":{"start":{"line":41,"column":0},"end":{"line":41,"column":10}},"41":{"start":{"line":42,"column":0},"end":{"line":42,"column":44}},"42":{"start":{"line":43,"column":0},"end":{"line":43,"column":30}},"43":{"start":{"line":44,"column":0},"end":{"line":44,"column":40}},"44":{"start":{"line":45,"column":0},"end":{"line":45,"column":34}},"45":{"start":{"line":46,"column":0},"end":{"line":46,"column":4}},"46":{"start":{"line":47,"column":0},"end":{"line":47,"column":1}},"48":{"start":{"line":49,"column":0},"end":{"line":49,"column":98}},"49":{"start":{"line":50,"column":0},"end":{"line":50,"column":35}},"50":{"start":{"line":51,"column":0},"end":{"line":51,"column":48}},"51":{"start":{"line":52,"column":0},"end":{"line":52,"column":44}},"52":{"start":{"line":53,"column":0},"end":{"line":53,"column":54}},"53":{"start":{"line":54,"column":0},"end":{"line":54,"column":58}},"54":{"start":{"line":55,"column":0},"end":{"line":55,"column":80}},"55":{"start":{"line":56,"column":0},"end":{"line":56,"column":56}},"56":{"start":{"line":57,"column":0},"end":{"line":57,"column":31}},"57":{"start":{"line":58,"column":0},"end":{"line":58,"column":82}},"58":{"start":{"line":59,"column":0},"end":{"line":59,"column":36}},"59":{"start":{"line":60,"column":0},"end":{"line":60,"column":1}},"76":{"start":{"line":77,"column":0},"end":{"line":77,"column":75}},"77":{"start":{"line":78,"column":0},"end":{"line":78,"column":67}},"78":{"start":{"line":79,"column":0},"end":{"line":79,"column":81}},"79":{"start":{"line":80,"column":0},"end":{"line":80,"column":46}},"80":{"start":{"line":81,"column":0},"end":{"line":81,"column":39}},"81":{"start":{"line":82,"column":0},"end":{"line":82,"column":44}},"82":{"start":{"line":83,"column":0},"end":{"line":83,"column":41}},"83":{"start":{"line":84,"column":0},"end":{"line":84,"column":47}},"84":{"start":{"line":85,"column":0},"end":{"line":85,"column":57}},"85":{"start":{"line":86,"column":0},"end":{"line":86,"column":3}},"87":{"start":{"line":88,"column":0},"end":{"line":88,"column":39}},"88":{"start":{"line":89,"column":0},"end":{"line":89,"column":102}},"89":{"start":{"line":90,"column":0},"end":{"line":90,"column":104}},"97":{"start":{"line":98,"column":0},"end":{"line":98,"column":38}},"98":{"start":{"line":99,"column":0},"end":{"line":99,"column":28}},"99":{"start":{"line":100,"column":0},"end":{"line":100,"column":23}},"100":{"start":{"line":101,"column":0},"end":{"line":101,"column":33}},"101":{"start":{"line":102,"column":0},"end":{"line":102,"column":20}},"102":{"start":{"line":103,"column":0},"end":{"line":103,"column":47}},"105":{"start":{"line":106,"column":0},"end":{"line":106,"column":100}},"106":{"start":{"line":107,"column":0},"end":{"line":107,"column":76}},"108":{"start":{"line":109,"column":0},"end":{"line":109,"column":43}},"110":{"start":{"line":111,"column":0},"end":{"line":111,"column":53}},"111":{"start":{"line":112,"column":0},"end":{"line":112,"column":22}},"112":{"start":{"line":113,"column":0},"end":{"line":113,"column":13}},"113":{"start":{"line":114,"column":0},"end":{"line":114,"column":21}},"114":{"start":{"line":115,"column":0},"end":{"line":115,"column":15}},"115":{"start":{"line":116,"column":0},"end":{"line":116,"column":5}},"117":{"start":{"line":118,"column":0},"end":{"line":118,"column":28}},"118":{"start":{"line":119,"column":0},"end":{"line":119,"column":1}},"123":{"start":{"line":124,"column":0},"end":{"line":124,"column":96}},"124":{"start":{"line":125,"column":0},"end":{"line":125,"column":68}},"125":{"start":{"line":126,"column":0},"end":{"line":126,"column":24}},"127":{"start":{"line":128,"column":0},"end":{"line":128,"column":29}},"128":{"start":{"line":129,"column":0},"end":{"line":129,"column":29}},"129":{"start":{"line":130,"column":0},"end":{"line":130,"column":15}},"130":{"start":{"line":131,"column":0},"end":{"line":131,"column":25}},"131":{"start":{"line":132,"column":0},"end":{"line":132,"column":19}},"132":{"start":{"line":133,"column":0},"end":{"line":133,"column":5}},"134":{"start":{"line":135,"column":0},"end":{"line":135,"column":54}},"135":{"start":{"line":136,"column":0},"end":{"line":136,"column":1}},"140":{"start":{"line":141,"column":0},"end":{"line":141,"column":80}},"141":{"start":{"line":142,"column":0},"end":{"line":142,"column":80}},"142":{"start":{"line":143,"column":0},"end":{"line":143,"column":25}},"143":{"start":{"line":144,"column":0},"end":{"line":144,"column":1}}},"s":{"0":0,"17":0,"18":0,"19":0,"20":0,"24":0,"25":0,"26":0,"27":0,"28":0,"29":0,"30":0,"32":0,"33":0,"34":0,"35":0,"36":0,"37":0,"38":0,"39":0,"40":0,"41":0,"42":0,"43":0,"44":0,"45":0,"46":0,"48":0,"49":0,"50":0,"51":0,"52":0,"53":0,"54":0,"55":0,"56":0,"57":0,"58":0,"59":0,"76":0,"77":0,"78":0,"79":0,"80":0,"81":0,"82":0,"83":0,"84":0,"85":0,"87":0,"88":0,"89":0,"97":0,"98":0,"99":0,"100":0,"101":0,"102":0,"105":0,"106":0,"108":0,"110":0,"111":0,"112":0,"113":0,"114":0,"115":0,"117":0,"118":0,"123":0,"124":0,"125":0,"127":0,"128":0,"129":0,"130":0,"131":0,"132":0,"134":0,"135":0,"140":0,"141":0,"142":0,"143":0},"branchMap":{"0":{"type":"branch","line":1,"loc":{"start":{"line":1,"column":5013},"end":{"line":144,"column":1}},"locations":[{"start":{"line":1,"column":5013},"end":{"line":144,"column":1}}]}},"b":{"0":[0]},"fnMap":{"0":{"name":"(empty-report)","decl":{"start":{"line":1,"column":5013},"end":{"line":144,"column":1}},"loc":{"start":{"line":1,"column":5013},"end":{"line":144,"column":1}},"line":1}},"f":{"0":0}}
,"/Users/mikeumus/Documents/cloud-kill-switch/packages/api/src/models/guardian-account/schema.ts": {"path":"/Users/mikeumus/Documents/cloud-kill-switch/packages/api/src/models/guardian-account/schema.ts","all":false,"statementMap":{"0":{"start":{"line":1,"column":0},"end":{"line":1,"column":54}},"33":{"start":{"line":34,"column":0},"end":{"line":34,"column":53}},"34":{"start":{"line":35,"column":0},"end":{"line":35,"column":102}},"35":{"start":{"line":36,"column":0},"end":{"line":36,"column":41}},"36":{"start":{"line":37,"column":0},"end":{"line":37,"column":55}},"37":{"start":{"line":38,"column":0},"end":{"line":38,"column":44}},"38":{"start":{"line":39,"column":0},"end":{"line":39,"column":19}},"40":{"start":{"line":41,"column":0},"end":{"line":41,"column":67}},"41":{"start":{"line":42,"column":0},"end":{"line":42,"column":75}},"42":{"start":{"line":43,"column":0},"end":{"line":43,"column":41}},"43":{"start":{"line":44,"column":0},"end":{"line":44,"column":103}},"44":{"start":{"line":45,"column":0},"end":{"line":45,"column":37}},"45":{"start":{"line":46,"column":0},"end":{"line":46,"column":41}},"46":{"start":{"line":47,"column":0},"end":{"line":47,"column":61}},"47":{"start":{"line":48,"column":0},"end":{"line":48,"column":13}},"48":{"start":{"line":49,"column":0},"end":{"line":49,"column":77}},"49":{"start":{"line":50,"column":0},"end":{"line":50,"column":31}},"50":{"start":{"line":51,"column":0},"end":{"line":51,"column":58}},"51":{"start":{"line":52,"column":0},"end":{"line":52,"column":4}},"52":{"start":{"line":53,"column":0},"end":{"line":53,"column":57}},"53":{"start":{"line":54,"column":0},"end":{"line":54,"column":57}},"54":{"start":{"line":55,"column":0},"end":{"line":55,"column":3}},"56":{"start":{"line":57,"column":0},"end":{"line":57,"column":47}},"57":{"start":{"line":58,"column":0},"end":{"line":58,"column":30}},"58":{"start":{"line":59,"column":0},"end":{"line":59,"column":3}},"60":{"start":{"line":61,"column":0},"end":{"line":61,"column":120}},"61":{"start":{"line":62,"column":0},"end":{"line":62,"column":84}}},"s":{"0":1,"33":1,"34":1,"35":1,"36":1,"37":1,"38":1,"40":1,"41":1,"42":1,"43":1,"44":1,"45":1,"46":1,"47":1,"48":1,"49":1,"50":1,"51":1,"52":1,"53":1,"54":1,"56":1,"57":0,"58":0,"60":1,"61":1},"branchMap":{},"b":{},"fnMap":{"0":{"name":"default","decl":{"start":{"line":53,"column":38},"end":{"line":53,"column":55}},"loc":{"start":{"line":53,"column":38},"end":{"line":53,"column":55}},"line":53},"1":{"name":"default","decl":{"start":{"line":54,"column":38},"end":{"line":54,"column":55}},"loc":{"start":{"line":54,"column":38},"end":{"line":54,"column":55}},"line":54}},"f":{"0":0,"1":0}}
,"/Users/mikeumus/Documents/cloud-kill-switch/packages/api/src/providers/index.ts": {"path":"/Users/mikeumus/Documents/cloud-kill-switch/packages/api/src/providers/index.ts","all":false,"statementMap":{"0":{"start":{"line":1,"column":0},"end":{"line":1,"column":60}},"5":{"start":{"line":6,"column":0},"end":{"line":6,"column":50}},"6":{"start":{"line":7,"column":0},"end":{"line":7,"column":33}},"7":{"start":{"line":8,"column":0},"end":{"line":8,"column":19}},"8":{"start":{"line":9,"column":0},"end":{"line":9,"column":19}},"9":{"start":{"line":10,"column":0},"end":{"line":10,"column":2}},"11":{"start":{"line":12,"column":0},"end":{"line":12,"column":72}},"12":{"start":{"line":13,"column":0},"end":{"line":13,"column":23}},"13":{"start":{"line":14,"column":0},"end":{"line":14,"column":1}},"15":{"start":{"line":16,"column":0},"end":{"line":16,"column":52}},"16":{"start":{"line":17,"column":0},"end":{"line":17,"column":34}},"17":{"start":{"line":18,"column":0},"end":{"line":18,"column":1}}},"s":{"0":1,"5":1,"6":1,"7":1,"8":1,"9":1,"11":1,"12":4,"13":4,"15":1,"16":3,"17":3},"branchMap":{"0":{"type":"branch","line":12,"loc":{"start":{"line":12,"column":7},"end":{"line":14,"column":1}},"locations":[{"start":{"line":12,"column":7},"end":{"line":14,"column":1}}]},"1":{"type":"branch","line":16,"loc":{"start":{"line":16,"column":7},"end":{"line":18,"column":1}},"locations":[{"start":{"line":16,"column":7},"end":{"line":18,"column":1}}]}},"b":{"0":[4],"1":[3]},"fnMap":{"0":{"name":"getProvider","decl":{"start":{"line":12,"column":7},"end":{"line":14,"column":1}},"loc":{"start":{"line":12,"column":7},"end":{"line":14,"column":1}},"line":12},"1":{"name":"getAllProviders","decl":{"start":{"line":16,"column":7},"end":{"line":18,"column":1}},"loc":{"start":{"line":16,"column":7},"end":{"line":18,"column":1}},"line":16}},"f":{"0":4,"1":3}}
,"/Users/mikeumus/Documents/cloud-kill-switch/packages/api/src/providers/types.ts": {"path":"/Users/mikeumus/Documents/cloud-kill-switch/packages/api/src/providers/types.ts","all":true,"statementMap":{},"s":{},"branchMap":{"0":{"type":"branch","line":1,"loc":{"start":{"line":1,"column":9414},"end":{"line":252,"column":1}},"locations":[{"start":{"line":1,"column":9414},"end":{"line":252,"column":1}}]}},"b":{"0":[1]},"fnMap":{"0":{"name":"(empty-report)","decl":{"start":{"line":1,"column":9414},"end":{"line":252,"column":1}},"loc":{"start":{"line":1,"column":9414},"end":{"line":252,"column":1}},"line":1}},"f":{"0":1}}
,"/Users/mikeumus/Documents/cloud-kill-switch/packages/api/src/providers/aws/checker.ts": {"path":"/Users/mikeumus/Documents/cloud-kill-switch/packages/api/src/providers/aws/checker.ts","all":false,"statementMap":{"0":{"start":{"line":1,"column":0},"end":{"line":1,"column":3}},"44":{"start":{"line":45,"column":0},"end":{"line":45,"column":86}},"45":{"start":{"line":46,"column":0},"end":{"line":46,"column":53}},"47":{"start":{"line":48,"column":0},"end":{"line":48,"column":69}},"48":{"start":{"line":49,"column":0},"end":{"line":49,"column":70}},"49":{"start":{"line":50,"column":0},"end":{"line":50,"column":3}},"52":{"start":{"line":53,"column":0},"end":{"line":53,"column":30}},"53":{"start":{"line":54,"column":0},"end":{"line":54,"column":37}},"54":{"start":{"line":55,"column":0},"end":{"line":55,"column":13}},"55":{"start":{"line":56,"column":0},"end":{"line":56,"column":20}},"56":{"start":{"line":57,"column":0},"end":{"line":57,"column":47}},"57":{"start":{"line":58,"column":0},"end":{"line":58,"column":55}},"58":{"start":{"line":59,"column":0},"end":{"line":59,"column":8}},"59":{"start":{"line":60,"column":0},"end":{"line":60,"column":7}},"61":{"start":{"line":62,"column":0},"end":{"line":62,"column":65}},"62":{"start":{"line":63,"column":0},"end":{"line":63,"column":37}},"63":{"start":{"line":64,"column":0},"end":{"line":64,"column":45}},"64":{"start":{"line":65,"column":0},"end":{"line":65,"column":28}},"65":{"start":{"line":66,"column":0},"end":{"line":66,"column":8}},"67":{"start":{"line":68,"column":0},"end":{"line":68,"column":32}},"68":{"start":{"line":69,"column":0},"end":{"line":69,"column":72}},"69":{"start":{"line":70,"column":0},"end":{"line":70,"column":5}},"71":{"start":{"line":72,"column":0},"end":{"line":72,"column":12}},"72":{"start":{"line":73,"column":0},"end":{"line":73,"column":53}},"73":{"start":{"line":74,"column":0},"end":{"line":74,"column":61}},"74":{"start":{"line":75,"column":0},"end":{"line":75,"column":54}},"75":{"start":{"line":76,"column":0},"end":{"line":76,"column":13}},"76":{"start":{"line":77,"column":0},"end":{"line":77,"column":6}},"77":{"start":{"line":78,"column":0},"end":{"line":78,"column":3}},"79":{"start":{"line":80,"column":0},"end":{"line":80,"column":10}},"80":{"start":{"line":81,"column":0},"end":{"line":81,"column":43}},"81":{"start":{"line":82,"column":0},"end":{"line":82,"column":51}},"82":{"start":{"line":83,"column":0},"end":{"line":83,"column":11}},"83":{"start":{"line":84,"column":0},"end":{"line":84,"column":4}},"84":{"start":{"line":85,"column":0},"end":{"line":85,"column":1}},"86":{"start":{"line":87,"column":0},"end":{"line":87,"column":43}},"87":{"start":{"line":88,"column":0},"end":{"line":88,"column":10}},"88":{"start":{"line":89,"column":0},"end":{"line":89,"column":35}},"89":{"start":{"line":90,"column":0},"end":{"line":90,"column":43}},"90":{"start":{"line":91,"column":0},"end":{"line":91,"column":72}},"91":{"start":{"line":92,"column":0},"end":{"line":92,"column":4}},"92":{"start":{"line":93,"column":0},"end":{"line":93,"column":1}},"95":{"start":{"line":96,"column":0},"end":{"line":96,"column":123}},"97":{"start":{"line":98,"column":0},"end":{"line":98,"column":55}},"98":{"start":{"line":99,"column":0},"end":{"line":99,"column":44}},"99":{"start":{"line":100,"column":0},"end":{"line":100,"column":39}},"100":{"start":{"line":101,"column":0},"end":{"line":101,"column":1}},"104":{"start":{"line":105,"column":0},"end":{"line":105,"column":75}},"105":{"start":{"line":106,"column":0},"end":{"line":106,"column":94}},"106":{"start":{"line":107,"column":0},"end":{"line":107,"column":67}},"107":{"start":{"line":108,"column":0},"end":{"line":108,"column":68}},"108":{"start":{"line":109,"column":0},"end":{"line":109,"column":6}},"110":{"start":{"line":111,"column":0},"end":{"line":111,"column":38}},"111":{"start":{"line":112,"column":0},"end":{"line":112,"column":25}},"112":{"start":{"line":113,"column":0},"end":{"line":113,"column":20}},"114":{"start":{"line":115,"column":0},"end":{"line":115,"column":58}},"115":{"start":{"line":116,"column":0},"end":{"line":116,"column":57}},"116":{"start":{"line":117,"column":0},"end":{"line":117,"column":23}},"117":{"start":{"line":118,"column":0},"end":{"line":118,"column":62}},"118":{"start":{"line":119,"column":0},"end":{"line":119,"column":48}},"119":{"start":{"line":120,"column":0},"end":{"line":120,"column":29}},"122":{"start":{"line":123,"column":0},"end":{"line":123,"column":95}},"123":{"start":{"line":124,"column":0},"end":{"line":124,"column":59}},"125":{"start":{"line":126,"column":0},"end":{"line":126,"column":21}},"126":{"start":{"line":127,"column":0},"end":{"line":127,"column":50}},"127":{"start":{"line":128,"column":0},"end":{"line":128,"column":18}},"128":{"start":{"line":129,"column":0},"end":{"line":129,"column":105}},"129":{"start":{"line":130,"column":0},"end":{"line":130,"column":121}},"130":{"start":{"line":131,"column":0},"end":{"line":131,"column":10}},"131":{"start":{"line":132,"column":0},"end":{"line":132,"column":41}},"132":{"start":{"line":133,"column":0},"end":{"line":133,"column":9}},"133":{"start":{"line":134,"column":0},"end":{"line":134,"column":5}},"134":{"start":{"line":135,"column":0},"end":{"line":135,"column":3}},"137":{"start":{"line":138,"column":0},"end":{"line":138,"column":27}},"138":{"start":{"line":139,"column":0},"end":{"line":139,"column":22}},"139":{"start":{"line":140,"column":0},"end":{"line":140,"column":39}},"140":{"start":{"line":141,"column":0},"end":{"line":141,"column":16}},"141":{"start":{"line":142,"column":0},"end":{"line":142,"column":120}},"142":{"start":{"line":143,"column":0},"end":{"line":143,"column":114}},"143":{"start":{"line":144,"column":0},"end":{"line":144,"column":8}},"144":{"start":{"line":145,"column":0},"end":{"line":145,"column":31}},"145":{"start":{"line":146,"column":0},"end":{"line":146,"column":7}},"146":{"start":{"line":147,"column":0},"end":{"line":147,"column":3}},"148":{"start":{"line":149,"column":0},"end":{"line":149,"column":18}},"149":{"start":{"line":150,"column":0},"end":{"line":150,"column":1}},"151":{"start":{"line":152,"column":0},"end":{"line":152,"column":78}},"152":{"start":{"line":153,"column":0},"end":{"line":153,"column":97}},"154":{"start":{"line":155,"column":0},"end":{"line":155,"column":57}},"155":{"start":{"line":156,"column":0},"end":{"line":156,"column":46}},"156":{"start":{"line":157,"column":0},"end":{"line":157,"column":51}},"157":{"start":{"line":158,"column":0},"end":{"line":158,"column":5}},"159":{"start":{"line":160,"column":0},"end":{"line":160,"column":49}},"162":{"start":{"line":163,"column":0},"end":{"line":163,"column":57}},"163":{"start":{"line":164,"column":0},"end":{"line":164,"column":45}},"164":{"start":{"line":165,"column":0},"end":{"line":165,"column":14}},"165":{"start":{"line":166,"column":0},"end":{"line":166,"column":103}},"166":{"start":{"line":167,"column":0},"end":{"line":167,"column":6}},"167":{"start":{"line":168,"column":0},"end":{"line":168,"column":82}},"168":{"start":{"line":169,"column":0},"end":{"line":169,"column":6}},"171":{"start":{"line":172,"column":0},"end":{"line":172,"column":78}},"172":{"start":{"line":173,"column":0},"end":{"line":173,"column":105}},"173":{"start":{"line":174,"column":0},"end":{"line":174,"column":20}},"174":{"start":{"line":175,"column":0},"end":{"line":175,"column":34}},"175":{"start":{"line":176,"column":0},"end":{"line":176,"column":14}},"176":{"start":{"line":177,"column":0},"end":{"line":177,"column":126}},"177":{"start":{"line":178,"column":0},"end":{"line":178,"column":135}},"178":{"start":{"line":179,"column":0},"end":{"line":179,"column":6}},"179":{"start":{"line":180,"column":0},"end":{"line":180,"column":29}},"180":{"start":{"line":181,"column":0},"end":{"line":181,"column":5}},"182":{"start":{"line":183,"column":0},"end":{"line":183,"column":18}},"183":{"start":{"line":184,"column":0},"end":{"line":184,"column":1}},"185":{"start":{"line":186,"column":0},"end":{"line":186,"column":75}},"186":{"start":{"line":187,"column":0},"end":{"line":187,"column":94}},"187":{"start":{"line":188,"column":0},"end":{"line":188,"column":73}},"189":{"start":{"line":190,"column":0},"end":{"line":190,"column":97}},"191":{"start":{"line":192,"column":0},"end":{"line":192,"column":63}},"192":{"start":{"line":193,"column":0},"end":{"line":193,"column":56}},"193":{"start":{"line":194,"column":0},"end":{"line":194,"column":14}},"194":{"start":{"line":195,"column":0},"end":{"line":195,"column":113}},"195":{"start":{"line":196,"column":0},"end":{"line":196,"column":6}},"196":{"start":{"line":197,"column":0},"end":{"line":197,"column":50}},"197":{"start":{"line":198,"column":0},"end":{"line":198,"column":6}},"199":{"start":{"line":200,"column":0},"end":{"line":200,"column":29}},"200":{"start":{"line":201,"column":0},"end":{"line":201,"column":22}},"201":{"start":{"line":202,"column":0},"end":{"line":202,"column":39}},"202":{"start":{"line":203,"column":0},"end":{"line":203,"column":16}},"203":{"start":{"line":204,"column":0},"end":{"line":204,"column":118}},"204":{"start":{"line":205,"column":0},"end":{"line":205,"column":8}},"205":{"start":{"line":206,"column":0},"end":{"line":206,"column":31}},"206":{"start":{"line":207,"column":0},"end":{"line":207,"column":7}},"207":{"start":{"line":208,"column":0},"end":{"line":208,"column":3}},"209":{"start":{"line":210,"column":0},"end":{"line":210,"column":18}},"210":{"start":{"line":211,"column":0},"end":{"line":211,"column":1}},"212":{"start":{"line":213,"column":0},"end":{"line":213,"column":74}},"213":{"start":{"line":214,"column":0},"end":{"line":214,"column":94}},"215":{"start":{"line":216,"column":0},"end":{"line":216,"column":69}},"216":{"start":{"line":217,"column":0},"end":{"line":217,"column":38}},"217":{"start":{"line":218,"column":0},"end":{"line":218,"column":21}},"219":{"start":{"line":220,"column":0},"end":{"line":220,"column":59}},"220":{"start":{"line":221,"column":0},"end":{"line":221,"column":53}},"221":{"start":{"line":222,"column":0},"end":{"line":222,"column":92}},"223":{"start":{"line":224,"column":0},"end":{"line":224,"column":42}},"224":{"start":{"line":225,"column":0},"end":{"line":225,"column":69}},"225":{"start":{"line":226,"column":0},"end":{"line":226,"column":28}},"226":{"start":{"line":227,"column":0},"end":{"line":227,"column":42}},"227":{"start":{"line":228,"column":0},"end":{"line":228,"column":10}},"229":{"start":{"line":230,"column":0},"end":{"line":230,"column":49}},"230":{"start":{"line":231,"column":0},"end":{"line":231,"column":46}},"231":{"start":{"line":232,"column":0},"end":{"line":232,"column":30}},"232":{"start":{"line":233,"column":0},"end":{"line":233,"column":23}},"233":{"start":{"line":234,"column":0},"end":{"line":234,"column":63}},"234":{"start":{"line":235,"column":0},"end":{"line":235,"column":20}},"235":{"start":{"line":236,"column":0},"end":{"line":236,"column":103}},"236":{"start":{"line":237,"column":0},"end":{"line":237,"column":12}},"237":{"start":{"line":238,"column":0},"end":{"line":238,"column":74}},"238":{"start":{"line":239,"column":0},"end":{"line":239,"column":11}},"239":{"start":{"line":240,"column":0},"end":{"line":240,"column":7}},"240":{"start":{"line":241,"column":0},"end":{"line":241,"column":5}},"241":{"start":{"line":242,"column":0},"end":{"line":242,"column":3}},"243":{"start":{"line":244,"column":0},"end":{"line":244,"column":23}},"244":{"start":{"line":245,"column":0},"end":{"line":245,"column":22}},"245":{"start":{"line":246,"column":0},"end":{"line":246,"column":35}},"246":{"start":{"line":247,"column":0},"end":{"line":247,"column":16}},"247":{"start":{"line":248,"column":0},"end":{"line":248,"column":100}},"248":{"start":{"line":249,"column":0},"end":{"line":249,"column":8}},"249":{"start":{"line":250,"column":0},"end":{"line":250,"column":31}},"250":{"start":{"line":251,"column":0},"end":{"line":251,"column":7}},"251":{"start":{"line":252,"column":0},"end":{"line":252,"column":3}},"253":{"start":{"line":254,"column":0},"end":{"line":254,"column":18}},"254":{"start":{"line":255,"column":0},"end":{"line":255,"column":1}},"256":{"start":{"line":257,"column":0},"end":{"line":257,"column":76}},"257":{"start":{"line":258,"column":0},"end":{"line":258,"column":94}},"259":{"start":{"line":260,"column":0},"end":{"line":260,"column":72}},"260":{"start":{"line":261,"column":0},"end":{"line":261,"column":38}},"261":{"start":{"line":262,"column":0},"end":{"line":262,"column":21}},"263":{"start":{"line":264,"column":0},"end":{"line":264,"column":57}},"264":{"start":{"line":265,"column":0},"end":{"line":265,"column":80}},"266":{"start":{"line":267,"column":0},"end":{"line":267,"column":50}},"267":{"start":{"line":268,"column":0},"end":{"line":268,"column":110}},"268":{"start":{"line":269,"column":0},"end":{"line":269,"column":35}},"269":{"start":{"line":270,"column":0},"end":{"line":270,"column":62}},"270":{"start":{"line":271,"column":0},"end":{"line":271,"column":32}},"272":{"start":{"line":273,"column":0},"end":{"line":273,"column":21}},"273":{"start":{"line":274,"column":0},"end":{"line":274,"column":52}},"274":{"start":{"line":275,"column":0},"end":{"line":275,"column":18}},"275":{"start":{"line":276,"column":0},"end":{"line":276,"column":97}},"276":{"start":{"line":277,"column":0},"end":{"line":277,"column":10}},"277":{"start":{"line":278,"column":0},"end":{"line":278,"column":50}},"278":{"start":{"line":279,"column":0},"end":{"line":279,"column":9}},"279":{"start":{"line":280,"column":0},"end":{"line":280,"column":5}},"280":{"start":{"line":281,"column":0},"end":{"line":281,"column":3}},"282":{"start":{"line":283,"column":0},"end":{"line":283,"column":23}},"283":{"start":{"line":284,"column":0},"end":{"line":284,"column":22}},"284":{"start":{"line":285,"column":0},"end":{"line":285,"column":35}},"285":{"start":{"line":286,"column":0},"end":{"line":286,"column":16}},"286":{"start":{"line":287,"column":0},"end":{"line":287,"column":100}},"287":{"start":{"line":288,"column":0},"end":{"line":288,"column":8}},"288":{"start":{"line":289,"column":0},"end":{"line":289,"column":31}},"289":{"start":{"line":290,"column":0},"end":{"line":290,"column":7}},"290":{"start":{"line":291,"column":0},"end":{"line":291,"column":3}},"292":{"start":{"line":293,"column":0},"end":{"line":293,"column":18}},"293":{"start":{"line":294,"column":0},"end":{"line":294,"column":1}},"295":{"start":{"line":296,"column":0},"end":{"line":296,"column":81}},"296":{"start":{"line":297,"column":0},"end":{"line":297,"column":100}},"297":{"start":{"line":298,"column":0},"end":{"line":298,"column":94}},"299":{"start":{"line":300,"column":0},"end":{"line":300,"column":45}},"300":{"start":{"line":301,"column":0},"end":{"line":301,"column":57}},"301":{"start":{"line":302,"column":0},"end":{"line":302,"column":48}},"302":{"start":{"line":303,"column":0},"end":{"line":303,"column":14}},"303":{"start":{"line":304,"column":0},"end":{"line":304,"column":106}},"304":{"start":{"line":305,"column":0},"end":{"line":305,"column":6}},"305":{"start":{"line":306,"column":0},"end":{"line":306,"column":60}},"306":{"start":{"line":307,"column":0},"end":{"line":307,"column":6}},"308":{"start":{"line":309,"column":0},"end":{"line":309,"column":29}},"309":{"start":{"line":310,"column":0},"end":{"line":310,"column":22}},"310":{"start":{"line":311,"column":0},"end":{"line":311,"column":45}},"311":{"start":{"line":312,"column":0},"end":{"line":312,"column":16}},"312":{"start":{"line":313,"column":0},"end":{"line":313,"column":130}},"313":{"start":{"line":314,"column":0},"end":{"line":314,"column":8}},"314":{"start":{"line":315,"column":0},"end":{"line":315,"column":31}},"315":{"start":{"line":316,"column":0},"end":{"line":316,"column":7}},"316":{"start":{"line":317,"column":0},"end":{"line":317,"column":3}},"318":{"start":{"line":319,"column":0},"end":{"line":319,"column":18}},"319":{"start":{"line":320,"column":0},"end":{"line":320,"column":1}},"321":{"start":{"line":322,"column":0},"end":{"line":322,"column":76}},"322":{"start":{"line":323,"column":0},"end":{"line":323,"column":129}},"324":{"start":{"line":325,"column":0},"end":{"line":325,"column":25}},"325":{"start":{"line":326,"column":0},"end":{"line":326,"column":66}},"326":{"start":{"line":327,"column":0},"end":{"line":327,"column":54}},"327":{"start":{"line":328,"column":0},"end":{"line":328,"column":46}},"329":{"start":{"line":330,"column":0},"end":{"line":330,"column":7}},"330":{"start":{"line":331,"column":0},"end":{"line":331,"column":67}},"331":{"start":{"line":332,"column":0},"end":{"line":332,"column":45}},"332":{"start":{"line":333,"column":0},"end":{"line":333,"column":27}},"333":{"start":{"line":334,"column":0},"end":{"line":334,"column":33}},"334":{"start":{"line":335,"column":0},"end":{"line":335,"column":55}},"335":{"start":{"line":336,"column":0},"end":{"line":336,"column":8}},"337":{"start":{"line":338,"column":0},"end":{"line":338,"column":22}},"338":{"start":{"line":339,"column":0},"end":{"line":339,"column":40}},"340":{"start":{"line":341,"column":0},"end":{"line":341,"column":56}},"341":{"start":{"line":342,"column":0},"end":{"line":342,"column":48}},"342":{"start":{"line":343,"column":0},"end":{"line":343,"column":57}},"343":{"start":{"line":344,"column":0},"end":{"line":344,"column":77}},"344":{"start":{"line":345,"column":0},"end":{"line":345,"column":26}},"345":{"start":{"line":346,"column":0},"end":{"line":346,"column":7}},"346":{"start":{"line":347,"column":0},"end":{"line":347,"column":5}},"348":{"start":{"line":349,"column":0},"end":{"line":349,"column":19}},"349":{"start":{"line":350,"column":0},"end":{"line":350,"column":38}},"350":{"start":{"line":351,"column":0},"end":{"line":351,"column":16}},"351":{"start":{"line":352,"column":0},"end":{"line":352,"column":99}},"352":{"start":{"line":353,"column":0},"end":{"line":353,"column":8}},"353":{"start":{"line":354,"column":0},"end":{"line":354,"column":39}},"354":{"start":{"line":355,"column":0},"end":{"line":355,"column":7}},"356":{"start":{"line":357,"column":0},"end":{"line":357,"column":20}},"357":{"start":{"line":358,"column":0},"end":{"line":358,"column":11}},"358":{"start":{"line":359,"column":0},"end":{"line":359,"column":14}},"359":{"start":{"line":360,"column":0},"end":{"line":360,"column":3}},"360":{"start":{"line":361,"column":0},"end":{"line":361,"column":1}},"364":{"start":{"line":365,"column":0},"end":{"line":365,"column":96}},"365":{"start":{"line":366,"column":0},"end":{"line":366,"column":94}},"366":{"start":{"line":367,"column":0},"end":{"line":367,"column":7}},"367":{"start":{"line":368,"column":0},"end":{"line":368,"column":78}},"368":{"start":{"line":369,"column":0},"end":{"line":369,"column":12}},"369":{"start":{"line":370,"column":0},"end":{"line":370,"column":20}},"370":{"start":{"line":371,"column":0},"end":{"line":371,"column":31}},"371":{"start":{"line":372,"column":0},"end":{"line":372,"column":50}},"372":{"start":{"line":373,"column":0},"end":{"line":373,"column":90}},"373":{"start":{"line":374,"column":0},"end":{"line":374,"column":6}},"374":{"start":{"line":375,"column":0},"end":{"line":375,"column":20}},"375":{"start":{"line":376,"column":0},"end":{"line":376,"column":127}},"376":{"start":{"line":377,"column":0},"end":{"line":377,"column":3}},"377":{"start":{"line":378,"column":0},"end":{"line":378,"column":1}},"379":{"start":{"line":380,"column":0},"end":{"line":380,"column":101}},"380":{"start":{"line":381,"column":0},"end":{"line":381,"column":94}},"381":{"start":{"line":382,"column":0},"end":{"line":382,"column":7}},"382":{"start":{"line":383,"column":0},"end":{"line":383,"column":83}},"383":{"start":{"line":384,"column":0},"end":{"line":384,"column":12}},"384":{"start":{"line":385,"column":0},"end":{"line":385,"column":20}},"385":{"start":{"line":386,"column":0},"end":{"line":386,"column":36}},"386":{"start":{"line":387,"column":0},"end":{"line":387,"column":50}},"387":{"start":{"line":388,"column":0},"end":{"line":388,"column":93}},"388":{"start":{"line":389,"column":0},"end":{"line":389,"column":6}},"389":{"start":{"line":390,"column":0},"end":{"line":390,"column":20}},"390":{"start":{"line":391,"column":0},"end":{"line":391,"column":132}},"391":{"start":{"line":392,"column":0},"end":{"line":392,"column":3}},"392":{"start":{"line":393,"column":0},"end":{"line":393,"column":1}},"394":{"start":{"line":395,"column":0},"end":{"line":395,"column":93}},"395":{"start":{"line":396,"column":0},"end":{"line":396,"column":97}},"396":{"start":{"line":397,"column":0},"end":{"line":397,"column":7}},"397":{"start":{"line":398,"column":0},"end":{"line":398,"column":57}},"398":{"start":{"line":399,"column":0},"end":{"line":399,"column":33}},"399":{"start":{"line":400,"column":0},"end":{"line":400,"column":38}},"400":{"start":{"line":401,"column":0},"end":{"line":401,"column":8}},"401":{"start":{"line":402,"column":0},"end":{"line":402,"column":12}},"402":{"start":{"line":403,"column":0},"end":{"line":403,"column":20}},"403":{"start":{"line":404,"column":0},"end":{"line":404,"column":32}},"404":{"start":{"line":405,"column":0},"end":{"line":405,"column":44}},"405":{"start":{"line":406,"column":0},"end":{"line":406,"column":73}},"406":{"start":{"line":407,"column":0},"end":{"line":407,"column":6}},"407":{"start":{"line":408,"column":0},"end":{"line":408,"column":20}},"408":{"start":{"line":409,"column":0},"end":{"line":409,"column":129}},"409":{"start":{"line":410,"column":0},"end":{"line":410,"column":3}},"410":{"start":{"line":411,"column":0},"end":{"line":411,"column":1}},"412":{"start":{"line":413,"column":0},"end":{"line":413,"column":94}},"413":{"start":{"line":414,"column":0},"end":{"line":414,"column":94}},"414":{"start":{"line":415,"column":0},"end":{"line":415,"column":7}},"415":{"start":{"line":416,"column":0},"end":{"line":416,"column":89}},"416":{"start":{"line":417,"column":0},"end":{"line":417,"column":12}},"417":{"start":{"line":418,"column":0},"end":{"line":418,"column":20}},"418":{"start":{"line":419,"column":0},"end":{"line":419,"column":31}},"419":{"start":{"line":420,"column":0},"end":{"line":420,"column":41}},"420":{"start":{"line":421,"column":0},"end":{"l
[...]
":12}},"218":{"start":{"line":219,"column":0},"end":{"line":219,"column":32}},"219":{"start":{"line":220,"column":0},"end":{"line":220,"column":38}},"220":{"start":{"line":221,"column":0},"end":{"line":221,"column":20}},"221":{"start":{"line":222,"column":0},"end":{"line":222,"column":22}},"222":{"start":{"line":223,"column":0},"end":{"line":223,"column":19}},"223":{"start":{"line":224,"column":0},"end":{"line":224,"column":86}},"224":{"start":{"line":225,"column":0},"end":{"line":225,"column":8}},"225":{"start":{"line":226,"column":0},"end":{"line":226,"column":28}},"226":{"start":{"line":227,"column":0},"end":{"line":227,"column":16}},"227":{"start":{"line":228,"column":0},"end":{"line":228,"column":44}},"228":{"start":{"line":229,"column":0},"end":{"line":229,"column":29}},"229":{"start":{"line":230,"column":0},"end":{"line":230,"column":8}},"230":{"start":{"line":231,"column":0},"end":{"line":231,"column":26}},"231":{"start":{"line":232,"column":0},"end":{"line":232,"column":29}},"232":{"start":{"line":233,"column":0},"end":{"line":233,"column":6}},"233":{"start":{"line":234,"column":0},"end":{"line":234,"column":4}},"238":{"start":{"line":239,"column":0},"end":{"line":239,"column":53}},"239":{"start":{"line":240,"column":0},"end":{"line":240,"column":12}},"240":{"start":{"line":241,"column":0},"end":{"line":241,"column":31}},"241":{"start":{"line":242,"column":0},"end":{"line":242,"column":37}},"242":{"start":{"line":243,"column":0},"end":{"line":243,"column":20}},"243":{"start":{"line":244,"column":0},"end":{"line":244,"column":26}},"244":{"start":{"line":245,"column":0},"end":{"line":245,"column":19}},"245":{"start":{"line":246,"column":0},"end":{"line":246,"column":98}},"246":{"start":{"line":247,"column":0},"end":{"line":247,"column":8}},"247":{"start":{"line":248,"column":0},"end":{"line":248,"column":28}},"248":{"start":{"line":249,"column":0},"end":{"line":249,"column":16}},"249":{"start":{"line":250,"column":0},"end":{"line":250,"column":96}},"250":{"start":{"line":251,"column":0},"end":{"line":251,"column":29}},"251":{"start":{"line":252,"column":0},"end":{"line":252,"column":8}},"252":{"start":{"line":253,"column":0},"end":{"line":253,"column":26}},"253":{"start":{"line":254,"column":0},"end":{"line":254,"column":29}},"254":{"start":{"line":255,"column":0},"end":{"line":255,"column":6}},"255":{"start":{"line":256,"column":0},"end":{"line":256,"column":4}},"260":{"start":{"line":261,"column":0},"end":{"line":261,"column":58}},"261":{"start":{"line":262,"column":0},"end":{"line":262,"column":12}},"262":{"start":{"line":263,"column":0},"end":{"line":263,"column":32}},"263":{"start":{"line":264,"column":0},"end":{"line":264,"column":42}},"264":{"start":{"line":265,"column":0},"end":{"line":265,"column":20}},"265":{"start":{"line":266,"column":0},"end":{"line":266,"column":26}},"266":{"start":{"line":267,"column":0},"end":{"line":267,"column":19}},"267":{"start":{"line":268,"column":0},"end":{"line":268,"column":97}},"268":{"start":{"line":269,"column":0},"end":{"line":269,"column":8}},"269":{"start":{"line":270,"column":0},"end":{"line":270,"column":28}},"270":{"start":{"line":271,"column":0},"end":{"line":271,"column":16}},"271":{"start":{"line":272,"column":0},"end":{"line":272,"column":28}},"272":{"start":{"line":273,"column":0},"end":{"line":273,"column":29}},"273":{"start":{"line":274,"column":0},"end":{"line":274,"column":8}},"274":{"start":{"line":275,"column":0},"end":{"line":275,"column":26}},"275":{"start":{"line":276,"column":0},"end":{"line":276,"column":29}},"276":{"start":{"line":277,"column":0},"end":{"line":277,"column":6}},"277":{"start":{"line":278,"column":0},"end":{"line":278,"column":4}},"283":{"start":{"line":284,"column":0},"end":{"line":284,"column":51}},"284":{"start":{"line":285,"column":0},"end":{"line":285,"column":12}},"285":{"start":{"line":286,"column":0},"end":{"line":286,"column":31}},"286":{"start":{"line":287,"column":0},"end":{"line":287,"column":35}},"287":{"start":{"line":288,"column":0},"end":{"line":288,"column":20}},"288":{"start":{"line":289,"column":0},"end":{"line":289,"column":22}},"289":{"start":{"line":290,"column":0},"end":{"line":290,"column":19}},"290":{"start":{"line":291,"column":0},"end":{"line":291,"column":82}},"291":{"start":{"line":292,"column":0},"end":{"line":292,"column":78}},"292":{"start":{"line":293,"column":0},"end":{"line":293,"column":8}},"293":{"start":{"line":294,"column":0},"end":{"line":294,"column":28}},"294":{"start":{"line":295,"column":0},"end":{"line":295,"column":16}},"295":{"start":{"line":296,"column":0},"end":{"line":296,"column":48}},"296":{"start":{"line":297,"column":0},"end":{"line":297,"column":29}},"297":{"start":{"line":298,"column":0},"end":{"line":298,"column":8}},"298":{"start":{"line":299,"column":0},"end":{"line":299,"column":26}},"299":{"start":{"line":300,"column":0},"end":{"line":300,"column":29}},"300":{"start":{"line":301,"column":0},"end":{"line":301,"column":6}},"301":{"start":{"line":302,"column":0},"end":{"line":302,"column":4}},"307":{"start":{"line":308,"column":0},"end":{"line":308,"column":52}},"308":{"start":{"line":309,"column":0},"end":{"line":309,"column":12}},"309":{"start":{"line":310,"column":0},"end":{"line":310,"column":31}},"310":{"start":{"line":311,"column":0},"end":{"line":311,"column":46}},"311":{"start":{"line":312,"column":0},"end":{"line":312,"column":20}},"312":{"start":{"line":313,"column":0},"end":{"line":313,"column":22}},"313":{"start":{"line":314,"column":0},"end":{"line":314,"column":19}},"314":{"start":{"line":315,"column":0},"end":{"line":315,"column":88}},"315":{"start":{"line":316,"column":0},"end":{"line":316,"column":8}},"316":{"start":{"line":317,"column":0},"end":{"line":317,"column":28}},"317":{"start":{"line":318,"column":0},"end":{"line":318,"column":16}},"318":{"start":{"line":319,"column":0},"end":{"line":319,"column":49}},"319":{"start":{"line":320,"column":0},"end":{"line":320,"column":29}},"320":{"start":{"line":321,"column":0},"end":{"line":321,"column":8}},"321":{"start":{"line":322,"column":0},"end":{"line":322,"column":26}},"322":{"start":{"line":323,"column":0},"end":{"line":323,"column":29}},"323":{"start":{"line":324,"column":0},"end":{"line":324,"column":6}},"324":{"start":{"line":325,"column":0},"end":{"line":325,"column":4}},"330":{"start":{"line":331,"column":0},"end":{"line":331,"column":54}},"331":{"start":{"line":332,"column":0},"end":{"line":332,"column":12}},"332":{"start":{"line":333,"column":0},"end":{"line":333,"column":36}},"333":{"start":{"line":334,"column":0},"end":{"line":334,"column":37}},"334":{"start":{"line":335,"column":0},"end":{"line":335,"column":20}},"335":{"start":{"line":336,"column":0},"end":{"line":336,"column":22}},"336":{"start":{"line":337,"column":0},"end":{"line":337,"column":19}},"337":{"start":{"line":338,"column":0},"end":{"line":338,"column":75}},"338":{"start":{"line":339,"column":0},"end":{"line":339,"column":8}},"339":{"start":{"line":340,"column":0},"end":{"line":340,"column":28}},"340":{"start":{"line":341,"column":0},"end":{"line":341,"column":16}},"341":{"start":{"line":342,"column":0},"end":{"line":342,"column":48}},"342":{"start":{"line":343,"column":0},"end":{"line":343,"column":49}},"343":{"start":{"line":344,"column":0},"end":{"line":344,"column":29}},"344":{"start":{"line":345,"column":0},"end":{"line":345,"column":8}},"345":{"start":{"line":346,"column":0},"end":{"line":346,"column":26}},"346":{"start":{"line":347,"column":0},"end":{"line":347,"column":29}},"347":{"start":{"line":348,"column":0},"end":{"line":348,"column":6}},"348":{"start":{"line":349,"column":0},"end":{"line":349,"column":4}},"349":{"start":{"line":350,"column":0},"end":{"line":350,"column":2}}},"s":{"46":1,"47":22,"48":22,"49":22,"50":22,"51":22,"52":22,"53":22,"54":22,"56":20,"57":20,"58":20,"59":20,"60":20,"62":20,"63":2,"64":2,"65":1,"66":1,"67":1,"68":1,"69":1,"70":1,"71":1,"72":1,"73":1,"74":2,"77":19,"80":19,"81":22,"82":22,"83":19,"85":19,"86":19,"87":2,"88":17,"91":20,"92":12,"93":12,"94":12,"95":12,"96":12,"97":12,"98":12,"99":7,"101":20,"102":20,"103":20,"104":20,"105":20,"106":14,"107":20,"108":20,"109":20,"110":20,"111":20,"113":19,"114":19,"117":19,"118":19,"119":19,"121":19,"122":1,"124":1,"126":1,"127":1,"128":1,"129":1,"130":1,"133":19,"134":1,"135":1,"136":1,"137":1,"138":1,"139":1,"141":19,"142":19,"143":19,"144":19,"146":19,"147":19,"149":22,"150":22,"151":22,"153":22,"154":22,"155":22,"156":22,"157":22,"158":22,"159":22,"160":22,"161":22,"168":1,"172":1,"173":5,"174":5,"175":5,"176":5,"177":5,"178":5,"179":5,"180":5,"181":5,"182":5,"183":5,"184":5,"185":5,"186":5,"187":5,"188":5,"189":5,"194":1,"195":3,"196":3,"197":3,"198":3,"199":3,"200":3,"201":3,"202":3,"203":3,"204":3,"205":3,"206":3,"207":3,"208":3,"209":3,"210":3,"211":3,"216":1,"217":3,"218":3,"219":3,"220":3,"221":3,"222":3,"223":3,"224":3,"225":3,"226":3,"227":3,"228":3,"229":3,"230":3,"231":3,"232":3,"233":3,"238":1,"239":3,"240":3,"241":3,"242":3,"243":3,"244":3,"245":3,"246":3,"247":3,"248":3,"249":3,"250":3,"251":3,"252":3,"253":3,"254":3,"255":3,"260":1,"261":3,"262":3,"263":3,"264":3,"265":3,"266":3,"267":3,"268":3,"269":3,"270":3,"271":3,"272":3,"273":3,"274":3,"275":3,"276":3,"277":3,"283":1,"284":5,"285":5,"286":5,"287":5,"288":5,"289":5,"290":5,"291":5,"292":5,"293":5,"294":5,"295":5,"296":5,"297":5,"298":5,"299":5,"300":5,"301":5,"307":1,"308":5,"309":5,"310":5,"311":5,"312":5,"313":5,"314":5,"315":5,"316":5,"317":5,"318":5,"319":5,"320":5,"321":5,"322":5,"323":5,"324":5,"330":1,"331":5,"332":5,"333":5,"334":5,"335":5,"336":5,"337":5,"338":5,"339":5,"340":5,"341":5,"342":5,"343":5,"344":5,"345":5,"346":5,"347":5,"348":5,"349":1},"branchMap":{"0":{"type":"branch","line":47,"loc":{"start":{"line":47,"column":7},"end":{"line":55,"column":1}},"locations":[{"start":{"line":47,"column":7},"end":{"line":55,"column":1}}]},"1":{"type":"branch","line":53,"loc":{"start":{"line":53,"column":12},"end":{"line":53,"column":26}},"locations":[{"start":{"line":53,"column":12},"end":{"line":53,"column":26}}]},"2":{"type":"branch","line":54,"loc":{"start":{"line":54,"column":9},"end":{"line":54,"column":53}},"locations":[{"start":{"line":54,"column":9},"end":{"line":54,"column":53}}]},"3":{"type":"branch","line":57,"loc":{"start":{"line":57,"column":0},"end":{"line":112,"column":1}},"locations":[{"start":{"line":57,"column":0},"end":{"line":112,"column":1}}]},"4":{"type":"branch","line":63,"loc":{"start":{"line":63,"column":11},"end":{"line":63,"column":52}},"locations":[{"start":{"line":63,"column":11},"end":{"line":63,"column":52}}]},"5":{"type":"branch","line":63,"loc":{"start":{"line":63,"column":52},"end":{"line":75,"column":3}},"locations":[{"start":{"line":63,"column":52},"end":{"line":75,"column":3}}]},"6":{"type":"branch","line":65,"loc":{"start":{"line":65,"column":27},"end":{"line":74,"column":5}},"locations":[{"start":{"line":65,"column":27},"end":{"line":74,"column":5}}]},"7":{"type":"branch","line":75,"loc":{"start":{"line":75,"column":2},"end":{"line":87,"column":49}},"locations":[{"start":{"line":75,"column":2},"end":{"line":87,"column":49}}]},"8":{"type":"branch","line":87,"loc":{"start":{"line":87,"column":44},"end":{"line":88,"column":57}},"locations":[{"start":{"line":87,"column":44},"end":{"line":88,"column":57}}]},"9":{"type":"branch","line":88,"loc":{"start":{"line":88,"column":51},"end":{"line":89,"column":35}},"locations":[{"start":{"line":88,"column":51},"end":{"line":89,"column":35}}]},"10":{"type":"branch","line":92,"loc":{"start":{"line":92,"column":47},"end":{"line":99,"column":9}},"locations":[{"start":{"line":92,"column":47},"end":{"line":99,"column":9}}]},"11":{"type":"branch","line":99,"loc":{"start":{"line":99,"column":8},"end":{"line":100,"column":9}},"locations":[{"start":{"line":99,"column":8},"end":{"line":100,"column":9}}]},"12":{"type":"branch","line":81,"loc":{"start":{"line":81,"column":47},"end":{"line":84,"column":4}},"locations":[{"start":{"line":81,"column":47},"end":{"line":84,"column":4}}]},"13":{"type":"branch","line":86,"loc":{"start":{"line":86,"column":52},"end":{"line":86,"column":66}},"locations":[{"start":{"line":86,"column":52},"end":{"line":86,"column":66}}]},"14":{"type":"branch","line":93,"loc":{"start":{"line":93,"column":23},"end":{"line":99,"column":8}},"locations":[{"start":{"line":93,"column":23},"end":{"line":99,"column":8}}]},"15":{"type":"branch","line":96,"loc":{"start":{"line":96,"column":33},"end":{"line":96,"column":58}},"locations":[{"start":{"line":96,"column":33},"end":{"line":96,"column":58}}]},"16":{"type":"branch","line":98,"loc":{"start":{"line":98,"column":23},"end":{"line":98,"column":62}},"locations":[{"start":{"line":98,"column":23},"end":{"line":98,"column":62}}]},"17":{"type":"branch","line":98,"loc":{"start":{"line":98,"column":41},"end":{"line":98,"column":82}},"locations":[{"start":{"line":98,"column":41},"end":{"line":98,"column":82}}]},"18":{"type":"branch","line":106,"loc":{"start":{"line":106,"column":45},"end":{"line":107,"column":74}},"locations":[{"start":{"line":106,"column":45},"end":{"line":107,"column":74}}]},"19":{"type":"branch","line":114,"loc":{"start":{"line":114,"column":0},"end":{"line":148,"column":1}},"locations":[{"start":{"line":114,"column":0},"end":{"line":148,"column":1}}]},"20":{"type":"branch","line":122,"loc":{"start":{"line":122,"column":40},"end":{"line":131,"column":3}},"locations":[{"start":{"line":122,"column":40},"end":{"line":131,"column":3}}]},"21":{"type":"branch","line":130,"loc":{"start":{"line":130,"column":88},"end":{"line":130,"column":100}},"locations":[{"start":{"line":130,"column":88},"end":{"line":130,"column":100}}]},"22":{"type":"branch","line":134,"loc":{"start":{"line":134,"column":28},"end":{"line":134,"column":50}},"locations":[{"start":{"line":134,"column":28},"end":{"line":134,"column":50}}]},"23":{"type":"branch","line":134,"loc":{"start":{"line":134,"column":50},"end":{"line":140,"column":3}},"locations":[{"start":{"line":134,"column":50},"end":{"line":140,"column":3}}]},"24":{"type":"branch","line":145,"loc":{"start":{"line":145,"column":39},"end":{"line":145,"column":61}},"locations":[{"start":{"line":145,"column":39},"end":{"line":145,"column":61}}]},"25":{"type":"branch","line":130,"loc":{"start":{"line":130,"column":42},"end":{"line":130,"column":88}},"locations":[{"start":{"line":130,"column":42},"end":{"line":130,"column":88}}]},"26":{"type":"branch","line":150,"loc":{"start":{"line":150,"column":0},"end":{"line":162,"column":1}},"locations":[{"start":{"line":150,"column":0},"end":{"line":162,"column":1}}]},"27":{"type":"branch","line":152,"loc":{"start":{"line":152,"column":27},"end":{"line":152,"column":40}},"locations":[{"start":{"line":152,"column":27},"end":{"line":152,"column":40}}]},"28":{"type":"branch","line":155,"loc":{"start":{"line":155,"column":4},"end":{"line":155,"column":46}},"locations":[{"start":{"line":155,"column":4},"end":{"line":155,"column":46}}]},"29":{"type":"branch","line":156,"loc":{"start":{"line":156,"column":4},"end":{"line":156,"column":46}},"locations":[{"start":{"line":156,"column":4},"end":{"line":156,"column":46}}]},"30":{"type":"branch","line":157,"loc":{"start":{"line":157,"column":4},"end":{"line":157,"column":48}},"locations":[{"start":{"line":157,"column":4},"end":{"line":157,"column":48}}]},"31":{"type":"branch","line":158,"loc":{"start":{"line":158,"column":4},"end":{"line":158,"column":48}},"locations":[{"start":{"line":158,"column":4},"end":{"line":158,"column":48}}]},"32":{"type":"branch","line":159,"loc":{"start":{"line":159,"column":4},"end":{"line":159,"column":48}},"locations":[{"start":{"line":159,"column":4},"end":{"line":159,"column":48}}]},"33":{"type":"branch","line":160,"loc":{"start":{"line":160,"column":4},"end":{"line":160,"column":26}},"locations":[{"start":{"line":160,"column":4},"end":{"line":160,"column":26}}]},"34":{"type":"branch","line":173,"loc":{"start":{"line":173,"column":2},"end":{"line":190,"column":4}},"locations":[{"start":{"line":173,"column":2},"end":{"line":190,"column":4}}]},"35":{"type":"branch","line":195,"loc":{"start":{"line":195,"column":2},"end":{"line":212,"column":4}},"locations":[{"start":{"line":195,"column":2},"end":{"line":212,"column":4}}]},"36":{"type":"branch","line":217,"loc":{"start":{"line":217,"column":2},"end":{"line":234,"column":4}},"locations":[{"start":{"line":217,"column":2},"end":{"line":234,"column":4}}]},"37":{"type":"branch","line":239,"loc":{"start":{"line":239,"column":2},"end":{"line":256,"column":4}},"locations":[{"start":{"line":239,"column":2},"end":{"line":256,"column":4}}]},"38":{"type":"branch","line":261,"loc":{"start":{"line":261,"column":2},"end":{"line":278,"column":4}},"locations":[{"start":{"line":261,"column":2},"end":{"line":278,"column":4}}]},"39":{"type":"branch","line":284,"loc":{"start":{"line":284,"column":2},"end":{"line":302,"column":4}},"locations":[{"start":{"line":284,"column":2},"end":{"line":302,"column":4}}]},"40":{"type":"branch","line":308,"loc":{"start":{"line":308,"column":2},"end":{"line":325,"column":4}},"locations":[{"start":{"line":308,"column":2},"end":{"line":325,"column":4}}]},"41":{"type":"branch","line":331,"loc":{"start":{"line":331,"column":2},"end":{"line":349,"column":4}},"locations":[{"start":{"line":331,"column":2},"end":{"line":349,"column":4}}]}},"b":{"0":[22],"1":[21],"2":[20],"3":[20],"4":[2],"5":[2],"6":[1],"7":[19],"8":[2],"9":[17],"10":[12],"11":[7],"12":[22],"13":[22],"14":[12],"15":[11],"16":[1],"17":[11],"18":[14],"19":[19],"20":[1],"21":[0],"22":[0],"23":[1],"24":[0],"25":[1],"26":[22],"27":[0],"28":[14],"29":[2],"30":[2],"31":[2],"32":[2],"33":[0],"34":[5],"35":[3],"36":[3],"37":[3],"38":[3],"39":[5],"40":[5],"41":[5]},"fnMap":{"0":{"name":"evaluateRules","decl":{"start":{"line":47,"column":7},"end":{"line":55,"column":1}},"loc":{"start":{"line":47,"column":7},"end":{"line":55,"column":1}},"line":47},"1":{"name":"evaluateSingleRule","decl":{"start":{"line":57,"column":0},"end":{"line":112,"column":1}},"loc":{"start":{"line":57,"column":0},"end":{"line":112,"column":1}},"line":57},"2":{"name":"buildMetricsMap","decl":{"start":{"line":114,"column":0},"end":{"line":148,"column":1}},"loc":{"start":{"line":114,"column":0},"end":{"line":148,"column":1}},"line":114},"3":{"name":"evaluateCondition","decl":{"start":{"line":150,"column":0},"end":{"line":162,"column":1}},"loc":{"start":{"line":150,"column":0},"end":{"line":162,"column":1}},"line":150},"4":{"name":"ddosProtection","decl":{"start":{"line":173,"column":2},"end":{"line":190,"column":4}},"loc":{"start":{"line":173,"column":2},"end":{"line":190,"column":4}},"line":173},"5":{"name":"bruteForceProtection","decl":{"start":{"line":195,"column":2},"end":{"line":212,"column":4}},"loc":{"start":{"line":195,"column":2},"end":{"line":212,"column":4}},"line":195},"6":{"name":"costRunaway","decl":{"start":{"line":217,"column":2},"end":{"line":234,"column":4}},"loc":{"start":{"line":217,"column":2},"end":{"line":234,"column":4}},"line":217},"7":{"name":"errorStorm","decl":{"start":{"line":239,"column":2},"end":{"line":256,"column":4}},"loc":{"start":{"line":239,"column":2},"end":{"line":256,"column":4}},"line":239},"8":{"name":"dataExfiltration","decl":{"start":{"line":261,"column":2},"end":{"line":278,"column":4}},"loc":{"start":{"line":261,"column":2},"end":{"line":278,"column":4}},"line":261},"9":{"name":"gpuRunaway","decl":{"start":{"line":284,"column":2},"end":{"line":302,"column":4}},"loc":{"start":{"line":284,"column":2},"end":{"line":302,"column":4}},"line":284},"10":{"name":"lambdaLoop","decl":{"start":{"line":308,"column":2},"end":{"line":325,"column":4}},"loc":{"start":{"line":308,"column":2},"end":{"line":325,"column":4}},"line":308},"11":{"name":"awsCostRunaway","decl":{"start":{"line":331,"column":2},"end":{"line":349,"column":4}},"loc":{"start":{"line":331,"column":2},"end":{"line":349,"column":4}},"line":331}},"f":{"0":22,"1":20,"2":19,"3":22,"4":5,"5":3,"6":3,"7":3,"8":3,"9":5,"10":5,"11":5}}
}
